[INFO] Scanning for projects...
[WARNING] 
[WARNING] Some problems were encountered while building the effective model for org.cysbml:cy3sbml:bundle:0.1.5
[WARNING] 'dependencies.dependency.(groupId:artifactId:type:classifier)' must be unique: junit:junit:jar -> version 4.8 vs 4.12 @ line 319, column 15
[WARNING] 
[WARNING] It is highly recommended to fix these problems because they threaten the stability of your build.
[WARNING] 
[WARNING] For this reason, future Maven versions might no longer support building such malformed projects.
[WARNING] 
[INFO]                                                                         
[INFO] ------------------------------------------------------------------------
[INFO] Building cy3sbml 0.1.5
[INFO] ------------------------------------------------------------------------
Downloading: http://repository.codehaus.org/org/codehaus/woodstox/stax2-api/maven-metadata.xml
[WARNING] Could not transfer metadata org.codehaus.woodstox:stax2-api/maven-metadata.xml from/to codehaus (http://repository.codehaus.org): Failed to transfer file: http://repository.codehaus.org/org/codehaus/woodstox/stax2-api/maven-metadata.xml. Return code is: 410 , ReasonPhrase:Gone.
[INFO] 
[INFO] --- maven-resources-plugin:2.7:resources (default-resources) @ cy3sbml ---
[INFO] Using 'UTF-8' encoding to copy filtered resources.
[INFO] Copying 40 resources
[INFO] 
[INFO] --- maven-compiler-plugin:3.0:compile (default-compile) @ cy3sbml ---
[INFO] Nothing to compile - all classes are up to date
[INFO] 
[INFO] --- maven-resources-plugin:2.7:testResources (default-testResources) @ cy3sbml ---
[INFO] Using 'UTF-8' encoding to copy filtered resources.
[INFO] Copying 699 resources
[INFO] 
[INFO] --- maven-compiler-plugin:3.0:testCompile (default-testCompile) @ cy3sbml ---
[INFO] Nothing to compile - all classes are up to date
[INFO] 
[INFO] --- maven-surefire-plugin:2.18.1:test (default-test) @ cy3sbml ---
[INFO] Surefire report directory: /home/mkoenig/workspace/java/Cy3Apps/cy3sbml/target/surefire-reports

-------------------------------------------------------
 T E S T S
-------------------------------------------------------
Running org.cy3sbml.BioModelsTest
Tests run: 575, Failures: 0, Errors: 0, Skipped: 575, Time elapsed: 0.215 sec - in org.cy3sbml.BioModelsTest
Running org.cy3sbml.mapping.One2ManyMappingTest
Tests run: 6, Failures: 0, Errors: 0, Skipped: 0, Time elapsed: 0.001 sec - in org.cy3sbml.mapping.One2ManyMappingTest
Running org.cy3sbml.SBMLReaderTaskTest
 INFO (SBMLReaderTask.java:129) - ---------------------------------
 INFO (SBMLReaderTask.java:130) - Start Reader.run()
 INFO (SBMLReaderTask.java:131) - ---------------------------------
 INFO (CyNetworkFactoryImpl.java:87) - CyNetwork w/ public tables created: ID = 2
 INFO (CyNetworkFactoryImpl.java:88) - CyNetwork w/ public tables created: Base Graph ID = 18
 INFO (SBMLReaderTask.java:375) - ** core **
 INFO (SBMLReaderTask.java:258) - ---------------------------------
 INFO (SBMLReaderTask.java:259) - End Reader.run()
 INFO (SBMLReaderTask.java:260) - ---------------------------------
Tests run: 3, Failures: 0, Errors: 0, Skipped: 0, Time elapsed: 0.926 sec - in org.cy3sbml.SBMLReaderTaskTest
Running org.cy3sbml.miriam.MiriamWebserviceTest
Tests run: 2, Failures: 0, Errors: 0, Skipped: 0, Time elapsed: 0.432 sec - in org.cy3sbml.miriam.MiriamWebserviceTest
Running org.cy3sbml.miriam.NamedSBaseInfoThreadTest
Tests run: 2, Failures: 0, Errors: 0, Skipped: 0, Time elapsed: 0.076 sec - in org.cy3sbml.miriam.NamedSBaseInfoThreadTest
Running org.cy3sbml.BiGGTest
 INFO (BiGGTest.java:96) - BioModelsTest: /models/BiGG/e_coli_core.xml
 INFO (SBMLReaderTask.java:129) - ---------------------------------
 INFO (SBMLReaderTask.java:130) - Start Reader.run()
 INFO (SBMLReaderTask.java:131) - ---------------------------------
 INFO (CyNetworkFactoryImpl.java:87) - CyNetwork w/ public tables created: ID = 268
 INFO (CyNetworkFactoryImpl.java:88) - CyNetwork w/ public tables created: Base Graph ID = 284
 INFO (SBMLReaderTask.java:375) - ** core **
 INFO (SBMLReaderTask.java:751) - ** fbc **
 INFO (SBMLReaderTask.java:258) - ---------------------------------
 INFO (SBMLReaderTask.java:259) - End Reader.run()
 INFO (SBMLReaderTask.java:260) - ---------------------------------
 INFO (BiGGTest.java:96) - BioModelsTest: /models/BiGG/iAB_RBC_283.xml
 INFO (SBMLReaderTask.java:129) - ---------------------------------
 INFO (SBMLReaderTask.java:130) - Start Reader.run()
 INFO (SBMLReaderTask.java:131) - ---------------------------------
 INFO (CyNetworkFactoryImpl.java:87) - CyNetwork w/ public tables created: ID = 1612
 INFO (CyNetworkFactoryImpl.java:88) - CyNetwork w/ public tables created: Base Graph ID = 1628
 WARN (SBMLCoreParser.java:447) - No Compartment matches the compartmentID 'r' of reaction 'R_GLYt7_211_r'.
 INFO (SBMLReaderTask.java:375) - ** core **
ERROR (SBMLReaderTask.java:483) - Compartment does not exist for reaction: r for R_GLYt7_211_r
 INFO (SBMLReaderTask.java:751) - ** fbc **
ERROR (SBMLReaderTask.java:887) - GeneProduct does not exist for GeneAssociation: G_S in GeneProductRef [geneProduct=G_S, id=, metaid=, name=]
ERROR (SBMLReaderTask.java:887) - GeneProduct does not exist for GeneAssociation: G_d_AT1 in GeneProductRef [geneProduct=G_d_AT1, id=, metaid=, name=]
 INFO (SBMLReaderTask.java:258) - ---------------------------------
 INFO (SBMLReaderTask.java:259) - End Reader.run()
 INFO (SBMLReaderTask.java:260) - ---------------------------------
 INFO (BiGGTest.java:96) - BioModelsTest: /models/BiGG/iAF1260.xml
 INFO (SBMLReaderTask.java:129) - ---------------------------------
 INFO (SBMLReaderTask.java:130) - Start Reader.run()
 INFO (SBMLReaderTask.java:131) - ---------------------------------
 INFO (CyNetworkFactoryImpl.java:87) - CyNetwork w/ public tables created: ID = 7409
 INFO (CyNetworkFactoryImpl.java:88) - CyNetwork w/ public tables created: Base Graph ID = 7425
 INFO (SBMLReaderTask.java:375) - ** core **
 INFO (SBMLReaderTask.java:751) - ** fbc **
 INFO (SBMLReaderTask.java:258) - ---------------------------------
 INFO (SBMLReaderTask.java:259) - End Reader.run()
 INFO (SBMLReaderTask.java:260) - ---------------------------------
 INFO (BiGGTest.java:96) - BioModelsTest: /models/BiGG/iAF692.xml
 INFO (SBMLReaderTask.java:129) - ---------------------------------
 INFO (SBMLReaderTask.java:130) - Start Reader.run()
 INFO (SBMLReaderTask.java:131) - ---------------------------------
 INFO (CyNetworkFactoryImpl.java:87) - CyNetwork w/ public tables created: ID = 36413
 INFO (CyNetworkFactoryImpl.java:88) - CyNetwork w/ public tables created: Base Graph ID = 36429
 WARN (SBMLCoreParser.java:447) - No Compartment matches the compartmentID 'b' of reaction 'R_FMFD_b'.
 WARN (SBMLCoreParser.java:447) - No Compartment matches the compartmentID 'b' of reaction 'R_FMFTSPFT_b'.
 WARN (SBMLCoreParser.java:447) - No Compartment matches the compartmentID 'ir' of reaction 'R_NBAHH_ir'.
 INFO (SBMLReaderTask.java:375) - ** core **
ERROR (SBMLReaderTask.java:483) - Compartment does not exist for reaction: b for R_FMFD_b
ERROR (SBMLReaderTask.java:483) - Compartment does not exist for reaction: b for R_FMFTSPFT_b
ERROR (SBMLReaderTask.java:483) - Compartment does not exist for reaction: ir for R_NBAHH_ir
 INFO (SBMLReaderTask.java:751) - ** fbc **
 INFO (SBMLReaderTask.java:258) - ---------------------------------
 INFO (SBMLReaderTask.java:259) - End Reader.run()
 INFO (SBMLReaderTask.java:260) - ---------------------------------
 INFO (BiGGTest.java:96) - BioModelsTest: /models/BiGG/iAF987.xml
 INFO (SBMLReaderTask.java:129) - ---------------------------------
 INFO (SBMLReaderTask.java:130) - Start Reader.run()
 INFO (SBMLReaderTask.java:131) - ---------------------------------
 INFO (CyNetworkFactoryImpl.java:87) - CyNetwork w/ public tables created: ID = 45769
 INFO (CyNetworkFactoryImpl.java:88) - CyNetwork w/ public tables created: Base Graph ID = 45785
 WARN (SBMLCoreParser.java:447) - No Compartment matches the compartmentID 'pp' of reaction 'R_UHBZ1t_pp'.
 INFO (SBMLReaderTask.java:375) - ** core **
ERROR (SBMLReaderTask.java:483) - Compartment does not exist for reaction: pp for R_UHBZ1t_pp
 INFO (SBMLReaderTask.java:751) - ** fbc **
 INFO (SBMLReaderTask.java:258) - ---------------------------------
 INFO (SBMLReaderTask.java:259) - End Reader.run()
 INFO (SBMLReaderTask.java:260) - ---------------------------------
 INFO (BiGGTest.java:96) - BioModelsTest: /models/BiGG/iAPECO1_1312.xml
 INFO (SBMLReaderTask.java:129) - ---------------------------------
 INFO (SBMLReaderTask.java:130) - Start Reader.run()
 INFO (SBMLReaderTask.java:131) - ---------------------------------
 INFO (CyNetworkFactoryImpl.java:87) - CyNetwork w/ public tables created: ID = 63739
 INFO (CyNetworkFactoryImpl.java:88) - CyNetwork w/ public tables created: Base Graph ID = 63755
 INFO (SBMLReaderTask.java:375) - ** core **
 INFO (SBMLReaderTask.java:751) - ** fbc **
 INFO (SBMLReaderTask.java:258) - ---------------------------------
 INFO (SBMLReaderTask.java:259) - End Reader.run()
 INFO (SBMLReaderTask.java:260) - ---------------------------------
 INFO (BiGGTest.java:96) - BioModelsTest: /models/BiGG/iAT_PLT_636.xml
 INFO (SBMLReaderTask.java:129) - ---------------------------------
 INFO (SBMLReaderTask.java:130) - Start Reader.run()
 INFO (SBMLReaderTask.java:131) - ---------------------------------
 INFO (CyNetworkFactoryImpl.java:87) - CyNetwork w/ public tables created: ID = 96811
 INFO (CyNetworkFactoryImpl.java:88) - CyNetwork w/ public tables created: Base Graph ID = 96827
 WARN (SBMLCoreParser.java:447) - No Compartment matches the compartmentID 'hs' of reaction 'R_sink_paf_hs'.
 INFO (SBMLReaderTask.java:375) - ** core **
ERROR (SBMLReaderTask.java:483) - Compartment does not exist for reaction: hs for R_sink_paf_hs
 INFO (SBMLReaderTask.java:751) - ** fbc **
 INFO (SBMLReaderTask.java:258) - ---------------------------------
 INFO (SBMLReaderTask.java:259) - End Reader.run()
 INFO (SBMLReaderTask.java:260) - ---------------------------------
 INFO (BiGGTest.java:96) - BioModelsTest: /models/BiGG/iB21_1397.xml
 INFO (SBMLReaderTask.java:129) - ---------------------------------
 INFO (SBMLReaderTask.java:130) - Start Reader.run()
 INFO (SBMLReaderTask.java:131) - ---------------------------------
 INFO (CyNetworkFactoryImpl.java:87) - CyNetwork w/ public tables created: ID = 110175
 INFO (CyNetworkFactoryImpl.java:88) - CyNetwork w/ public tables created: Base Graph ID = 110191
 INFO (SBMLReaderTask.java:375) - ** core **
 INFO (SBMLReaderTask.java:751) - ** fbc **
 INFO (SBMLReaderTask.java:258) - ---------------------------------
 INFO (SBMLReaderTask.java:259) - End Reader.run()
 INFO (SBMLReaderTask.java:260) - ---------------------------------
 INFO (BiGGTest.java:96) - BioModelsTest: /models/BiGG/iBWG_1329.xml
 INFO (SBMLReaderTask.java:129) - ---------------------------------
 INFO (SBMLReaderTask.java:130) - Start Reader.run()
 INFO (SBMLReaderTask.java:131) - ---------------------------------
 INFO (CyNetworkFactoryImpl.java:87) - CyNetwork w/ public tables created: ID = 143410
 INFO (CyNetworkFactoryImpl.java:88) - CyNetwork w/ public tables created: Base Graph ID = 143426
 INFO (SBMLReaderTask.java:375) - ** core **
 INFO (SBMLReaderTask.java:751) - ** fbc **
 INFO (SBMLReaderTask.java:258) - ---------------------------------
 INFO (SBMLReaderTask.java:259) - End Reader.run()
 INFO (SBMLReaderTask.java:260) - ---------------------------------
 INFO (BiGGTest.java:96) - BioModelsTest: /models/BiGG/ic_1306.xml
 INFO (SBMLReaderTask.java:129) - ---------------------------------
 INFO (SBMLReaderTask.java:130) - Start Reader.run()
 INFO (SBMLReaderTask.java:131) - ---------------------------------
 INFO (CyNetworkFactoryImpl.java:87) - CyNetwork w/ public tables created: ID = 176648
 INFO (CyNetworkFactoryImpl.java:88) - CyNetwork w/ public tables created: Base Graph ID = 176664
 INFO (SBMLReaderTask.java:375) - ** core **
 INFO (SBMLReaderTask.java:751) - ** fbc **
ERROR (SBMLReaderTask.java:887) - GeneProduct does not exist for GeneAssociation: G_n in GeneProductRef [geneProduct=G_n, id=, metaid=, name=]
ERROR (SBMLReaderTask.java:887) - GeneProduct does not exist for GeneAssociation: G_V in GeneProductRef [geneProduct=G_V, id=, metaid=, name=]
 INFO (SBMLReaderTask.java:258) - ---------------------------------
 INFO (SBMLReaderTask.java:259) - End Reader.run()
 INFO (SBMLReaderTask.java:260) - ---------------------------------
 INFO (BiGGTest.java:96) - BioModelsTest: /models/BiGG/iE2348C_1286.xml
 INFO (SBMLReaderTask.java:129) - ---------------------------------
 INFO (SBMLReaderTask.java:130) - Start Reader.run()
 INFO (SBMLReaderTask.java:131) - ---------------------------------
 INFO (CyNetworkFactoryImpl.java:87) - CyNetwork w/ public tables created: ID = 209612
 INFO (CyNetworkFactoryImpl.java:88) - CyNetwork w/ public tables created: Base Graph ID = 209628
 INFO (SBMLReaderTask.java:375) - ** core **
 INFO (SBMLReaderTask.java:751) - ** fbc **
 INFO (SBMLReaderTask.java:258) - ---------------------------------
 INFO (SBMLReaderTask.java:259) - End Reader.run()
 INFO (SBMLReaderTask.java:260) - ---------------------------------
 INFO (BiGGTest.java:96) - BioModelsTest: /models/BiGG/iEC042_1314.xml
 INFO (SBMLReaderTask.java:129) - ---------------------------------
 INFO (SBMLReaderTask.java:130) - Start Reader.run()
 INFO (SBMLReaderTask.java:131) - ---------------------------------
 INFO (CyNetworkFactoryImpl.java:87) - CyNetwork w/ public tables created: ID = 242248
 INFO (CyNetworkFactoryImpl.java:88) - CyNetwork w/ public tables created: Base Graph ID = 242264
 INFO (SBMLReaderTask.java:375) - ** core **
 INFO (SBMLReaderTask.java:751) - ** fbc **
 INFO (SBMLReaderTask.java:258) - ---------------------------------
 INFO (SBMLReaderTask.java:259) - End Reader.run()
 INFO (SBMLReaderTask.java:260) - ---------------------------------
 INFO (BiGGTest.java:96) - BioModelsTest: /models/BiGG/iEC55989_1330.xml
 INFO (SBMLReaderTask.java:129) - ---------------------------------
 INFO (SBMLReaderTask.java:130) - Start Reader.run()
 INFO (SBMLReaderTask.java:131) - ---------------------------------
 INFO (CyNetworkFactoryImpl.java:87) - CyNetwork w/ public tables created: ID = 275128
 INFO (CyNetworkFactoryImpl.java:88) - CyNetwork w/ public tables created: Base Graph ID = 275144
 INFO (SBMLReaderTask.java:375) - ** core **
 INFO (SBMLReaderTask.java:751) - ** fbc **
 INFO (SBMLReaderTask.java:258) - ---------------------------------
 INFO (SBMLReaderTask.java:259) - End Reader.run()
 INFO (SBMLReaderTask.java:260) - ---------------------------------
 INFO (BiGGTest.java:96) - BioModelsTest: /models/BiGG/iECABU_c1320.xml
 INFO (SBMLReaderTask.java:129) - ---------------------------------
 INFO (SBMLReaderTask.java:130) - Start Reader.run()
 INFO (SBMLReaderTask.java:131) - ---------------------------------
 INFO (CyNetworkFactoryImpl.java:87) - CyNetwork w/ public tables created: ID = 308475
 INFO (CyNetworkFactoryImpl.java:88) - CyNetwork w/ public tables created: Base Graph ID = 308491
 INFO (SBMLReaderTask.java:375) - ** core **
 INFO (SBMLReaderTask.java:751) - ** fbc **
 INFO (SBMLReaderTask.java:258) - ---------------------------------
 INFO (SBMLReaderTask.java:259) - End Reader.run()
 INFO (SBMLReaderTask.java:260) - ---------------------------------
 INFO (BiGGTest.java:96) - BioModelsTest: /models/BiGG/iECB_1328.xml
 INFO (SBMLReaderTask.java:129) - ---------------------------------
 INFO (SBMLReaderTask.java:130) - Start Reader.run()
 INFO (SBMLReaderTask.java:131) - ---------------------------------
 INFO (CyNetworkFactoryImpl.java:87) - CyNetwork w/ public tables created: ID = 341524
 INFO (CyNetworkFactoryImpl.java:88) - CyNetwork w/ public tables created: Base Graph ID = 341540
 INFO (SBMLReaderTask.java:375) - ** core **
 INFO (SBMLReaderTask.java:751) - ** fbc **
 INFO (SBMLReaderTask.java:258) - ---------------------------------
 INFO (SBMLReaderTask.java:259) - End Reader.run()
 INFO (SBMLReaderTask.java:260) - ---------------------------------
 INFO (BiGGTest.java:96) - BioModelsTest: /models/BiGG/iECBD_1354.xml
 INFO (SBMLReaderTask.java:129) - ---------------------------------
 INFO (SBMLReaderTask.java:130) - Start Reader.run()
 INFO (SBMLReaderTask.java:131) - ---------------------------------
 INFO (CyNetworkFactoryImpl.java:87) - CyNetwork w/ public tables created: ID = 374794
 INFO (CyNetworkFactoryImpl.java:88) - CyNetwork w/ public tables created: Base Graph ID = 374810
 INFO (SBMLReaderTask.java:375) - ** core **
 INFO (SBMLReaderTask.java:751) - ** fbc **
 INFO (SBMLReaderTask.java:258) - ---------------------------------
 INFO (SBMLReaderTask.java:259) - End Reader.run()
 INFO (SBMLReaderTask.java:260) - ---------------------------------
 INFO (BiGGTest.java:96) - BioModelsTest: /models/BiGG/iECD_1391.xml
 INFO (SBMLReaderTask.java:129) - ---------------------------------
 INFO (SBMLReaderTask.java:130) - Start Reader.run()
 INFO (SBMLReaderTask.java:131) - ---------------------------------
 INFO (CyNetworkFactoryImpl.java:87) - CyNetwork w/ public tables created: ID = 408158
 INFO (CyNetworkFactoryImpl.java:88) - CyNetwork w/ public tables created: Base Graph ID = 408174
 INFO (SBMLReaderTask.java:375) - ** core **
 INFO (SBMLReaderTask.java:751) - ** fbc **
 INFO (SBMLReaderTask.java:258) - ---------------------------------
 INFO (SBMLReaderTask.java:259) - End Reader.run()
 INFO (SBMLReaderTask.java:260) - ---------------------------------
 INFO (BiGGTest.java:96) - BioModelsTest: /models/BiGG/iECDH10B.xml
 INFO (SBMLReaderTask.java:129) - ---------------------------------
 INFO (SBMLReaderTask.java:130) - Start Reader.run()
 INFO (SBMLReaderTask.java:131) - ---------------------------------
 INFO (CyNetworkFactoryImpl.java:87) - CyNetwork w/ public tables created: ID = 441383
 INFO (CyNetworkFactoryImpl.java:88) - CyNetwork w/ public tables created: Base Graph ID = 441399
ERROR (SBMLReaderTask.java:263) - Could not read SBML into Cytoscape!
java.lang.NullPointerException
	at java.io.Reader.<init>(Reader.java:78)
	at java.io.InputStreamReader.<init>(InputStreamReader.java:72)
	at org.cy3sbml.SBMLReaderTask.readString(SBMLReaderTask.java:1021)
	at org.cy3sbml.SBMLReaderTask.run(SBMLReaderTask.java:148)
	at org.cy3sbml.BiGGTest.testSingleBiGG(BiGGTest.java:127)
	at sun.reflect.GeneratedMethodAccessor9.invoke(Unknown Source)
	at sun.reflect.DelegatingMethodAccessorImpl.invoke(DelegatingMethodAccessorImpl.java:43)
	at java.lang.reflect.Method.invoke(Method.java:497)
	at org.junit.runners.model.FrameworkMethod$1.runReflectiveCall(FrameworkMethod.java:50)
	at org.junit.internal.runners.model.ReflectiveCallable.run(ReflectiveCallable.java:12)
	at org.junit.runners.model.FrameworkMethod.invokeExplosively(FrameworkMethod.java:47)
	at org.junit.internal.runners.statements.InvokeMethod.evaluate(InvokeMethod.java:17)
	at org.junit.internal.runners.statements.RunBefores.evaluate(RunBefores.java:26)
	at org.junit.internal.runners.statements.RunAfters.evaluate(RunAfters.java:27)
	at org.junit.runners.ParentRunner.runLeaf(ParentRunner.java:325)
	at org.junit.runners.BlockJUnit4ClassRunner.runChild(BlockJUnit4ClassRunner.java:78)
	at org.junit.runners.BlockJUnit4ClassRunner.runChild(BlockJUnit4ClassRunner.java:57)
	at org.junit.runners.ParentRunner$3.run(ParentRunner.java:290)
	at org.junit.runners.ParentRunner$1.schedule(ParentRunner.java:71)
	at org.junit.runners.ParentRunner.runChildren(ParentRunner.java:288)
	at org.junit.runners.ParentRunner.access$000(ParentRunner.java:58)
	at org.junit.runners.ParentRunner$2.evaluate(ParentRunner.java:268)
	at org.junit.runners.ParentRunner.run(ParentRunner.java:363)
	at org.junit.runners.Suite.runChild(Suite.java:128)
	at org.junit.runners.Suite.runChild(Suite.java:27)
	at org.junit.runners.ParentRunner$3.run(ParentRunner.java:290)
	at org.junit.runners.ParentRunner$1.schedule(ParentRunner.java:71)
	at org.junit.runners.ParentRunner.runChildren(ParentRunner.java:288)
	at org.junit.runners.ParentRunner.access$000(ParentRunner.java:58)
	at org.junit.runners.ParentRunner$2.evaluate(ParentRunner.java:268)
	at org.junit.runners.ParentRunner.run(ParentRunner.java:363)
	at org.apache.maven.surefire.junit4.JUnit4Provider.execute(JUnit4Provider.java:283)
	at org.apache.maven.surefire.junit4.JUnit4Provider.executeWithRerun(JUnit4Provider.java:173)
	at org.apache.maven.surefire.junit4.JUnit4Provider.executeTestSet(JUnit4Provider.java:153)
	at org.apache.maven.surefire.junit4.JUnit4Provider.invoke(JUnit4Provider.java:128)
	at org.apache.maven.surefire.booter.ForkedBooter.invokeProviderInSameClassLoader(ForkedBooter.java:203)
	at org.apache.maven.surefire.booter.ForkedBooter.runSuitesInProcess(ForkedBooter.java:155)
	at org.apache.maven.surefire.booter.ForkedBooter.main(ForkedBooter.java:103)
 INFO (BiGGTest.java:96) - BioModelsTest: /models/BiGG/iEcDH1_1363.xml
 INFO (SBMLReaderTask.java:129) - ---------------------------------
 INFO (SBMLReaderTask.java:130) - Start Reader.run()
 INFO (SBMLReaderTask.java:131) - ---------------------------------
 INFO (CyNetworkFactoryImpl.java:87) - CyNetwork w/ public tables created: ID = 441409
 INFO (CyNetworkFactoryImpl.java:88) - CyNetwork w/ public tables created: Base Graph ID = 441425
 INFO (SBMLReaderTask.java:375) - ** core **
 INFO (SBMLReaderTask.java:751) - ** fbc **
 INFO (SBMLReaderTask.java:258) - ---------------------------------
 INFO (SBMLReaderTask.java:259) - End Reader.run()
 INFO (SBMLReaderTask.java:260) - ---------------------------------
 INFO (BiGGTest.java:96) - BioModelsTest: /models/BiGG/iECDH1ME8569_1439.xml
 INFO (SBMLReaderTask.java:129) - ---------------------------------
 INFO (SBMLReaderTask.java:130) - Start Reader.run()
 INFO (SBMLReaderTask.java:131) - ---------------------------------
 INFO (CyNetworkFactoryImpl.java:87) - CyNetwork w/ public tables created: ID = 474840
 INFO (CyNetworkFactoryImpl.java:88) - CyNetwork w/ public tables created: Base Graph ID = 474856
 INFO (SBMLReaderTask.java:375) - ** core **
 INFO (SBMLReaderTask.java:751) - ** fbc **
 INFO (SBMLReaderTask.java:258) - ---------------------------------
 INFO (SBMLReaderTask.java:259) - End Reader.run()
 INFO (SBMLReaderTask.java:260) - ---------------------------------
 INFO (BiGGTest.java:96) - BioModelsTest: /models/BiGG/iEcE24377_1341.xml
 INFO (SBMLReaderTask.java:129) - ---------------------------------
 INFO (SBMLReaderTask.java:130) - Start Reader.run()
 INFO (SBMLReaderTask.java:131) - ---------------------------------
 INFO (CyNetworkFactoryImpl.java:87) - CyNetwork w/ public tables created: ID = 508391
 INFO (CyNetworkFactoryImpl.java:88) - CyNetwork w/ public tables created: Base Graph ID = 508407
 INFO (SBMLReaderTask.java:375) - ** core **
 INFO (SBMLReaderTask.java:751) - ** fbc **
 INFO (SBMLReaderTask.java:258) - ---------------------------------
 INFO (SBMLReaderTask.java:259) - End Reader.run()
 INFO (SBMLReaderTask.java:260) - ---------------------------------
 INFO (BiGGTest.java:96) - BioModelsTest: /models/BiGG/iECED1_1282.xml
 INFO (SBMLReaderTask.java:129) - ---------------------------------
 INFO (SBMLReaderTask.java:130) - Start Reader.run()
 INFO (SBMLReaderTask.java:131) - ---------------------------------
 INFO (CyNetworkFactoryImpl.java:87) - CyNetwork w/ public tables created: ID = 541855
 INFO (CyNetworkFactoryImpl.java:88) - CyNetwork w/ public tables created: Base Graph ID = 541871
 INFO (SBMLReaderTask.java:375) - ** core **
 INFO (SBMLReaderTask.java:751) - ** fbc **
 INFO (SBMLReaderTask.java:258) - ---------------------------------
 INFO (SBMLReaderTask.java:259) - End Reader.run()
 INFO (SBMLReaderTask.java:260) - ---------------------------------
 INFO (BiGGTest.java:96) - BioModelsTest: /models/BiGG/iECH74115_1262.xml
 INFO (SBMLReaderTask.java:129) - ---------------------------------
 INFO (SBMLReaderTask.java:130) - Start Reader.run()
 INFO (SBMLReaderTask.java:131) - ---------------------------------
 INFO (CyNetworkFactoryImpl.java:87) - CyNetwork w/ public tables created: ID = 574205
 INFO (CyNetworkFactoryImpl.java:88) - CyNetwork w/ public tables created: Base Graph ID = 574221
 INFO (SBMLReaderTask.java:375) - ** core **
 INFO (SBMLReaderTask.java:751) - ** fbc **
 INFO (SBMLReaderTask.java:258) - ---------------------------------
 INFO (SBMLReaderTask.java:259) - End Reader.run()
 INFO (SBMLReaderTask.java:260) - ---------------------------------
 INFO (BiGGTest.java:96) - BioModelsTest: /models/BiGG/iEcHS_1320.xml
 INFO (SBMLReaderTask.java:129) - ---------------------------------
 INFO (SBMLReaderTask.java:130) - Start Reader.run()
 INFO (SBMLReaderTask.java:131) - ---------------------------------
 INFO (CyNetworkFactoryImpl.java:87) - CyNetwork w/ public tables created: ID = 606372
 INFO (CyNetworkFactoryImpl.java:88) - CyNetwork w/ public tables created: Base Graph ID = 606388
ERROR (SBMLReaderTask.java:263) - Could not read SBML into Cytoscape!
java.lang.NullPointerException
	at java.io.Reader.<init>(Reader.java:78)
	at java.io.InputStreamReader.<init>(InputStreamReader.java:72)
	at org.cy3sbml.SBMLReaderTask.readString(SBMLReaderTask.java:1021)
	at org.cy3sbml.SBMLReaderTask.run(SBMLReaderTask.java:148)
	at org.cy3sbml.BiGGTest.testSingleBiGG(BiGGTest.java:127)
	at sun.reflect.GeneratedMethodAccessor9.invoke(Unknown Source)
	at sun.reflect.DelegatingMethodAccessorImpl.invoke(DelegatingMethodAccessorImpl.java:43)
	at java.lang.reflect.Method.invoke(Method.java:497)
	at org.junit.runners.model.FrameworkMethod$1.runReflectiveCall(FrameworkMethod.java:50)
	at org.junit.internal.runners.model.ReflectiveCallable.run(ReflectiveCallable.java:12)
	at org.junit.runners.model.FrameworkMethod.invokeExplosively(FrameworkMethod.java:47)
	at org.junit.internal.runners.statements.InvokeMethod.evaluate(InvokeMethod.java:17)
	at org.junit.internal.runners.statements.RunBefores.evaluate(RunBefores.java:26)
	at org.junit.internal.runners.statements.RunAfters.evaluate(RunAfters.java:27)
	at org.junit.runners.ParentRunner.runLeaf(ParentRunner.java:325)
	at org.junit.runners.BlockJUnit4ClassRunner.runChild(BlockJUnit4ClassRunner.java:78)
	at org.junit.runners.BlockJUnit4ClassRunner.runChild(BlockJUnit4ClassRunner.java:57)
	at org.junit.runners.ParentRunner$3.run(ParentRunner.java:290)
	at org.junit.runners.ParentRunner$1.schedule(ParentRunner.java:71)
	at org.junit.runners.ParentRunner.runChildren(ParentRunner.java:288)
	at org.junit.runners.ParentRunner.access$000(ParentRunner.java:58)
	at org.junit.runners.ParentRunner$2.evaluate(ParentRunner.java:268)
	at org.junit.runners.ParentRunner.run(ParentRunner.java:363)
	at org.junit.runners.Suite.runChild(Suite.java:128)
	at org.junit.runners.Suite.runChild(Suite.java:27)
	at org.junit.runners.ParentRunner$3.run(ParentRunner.java:290)
	at org.junit.runners.ParentRunner$1.schedule(ParentRunner.java:71)
	at org.junit.runners.ParentRunner.runChildren(ParentRunner.java:288)
	at org.junit.runners.ParentRunner.access$000(ParentRunner.java:58)
	at org.junit.runners.ParentRunner$2.evaluate(ParentRunner.java:268)
	at org.junit.runners.ParentRunner.run(ParentRunner.java:363)
	at org.apache.maven.surefire.junit4.JUnit4Provider.execute(JUnit4Provider.java:283)
	at org.apache.maven.surefire.junit4.JUnit4Provider.executeWithRerun(JUnit4Provider.java:173)
	at org.apache.maven.surefire.junit4.JUnit4Provider.executeTestSet(JUnit4Provider.java:153)
	at org.apache.maven.surefire.junit4.JUnit4Provider.invoke(JUnit4Provider.java:128)
	at org.apache.maven.surefire.booter.ForkedBooter.invokeProviderInSameClassLoader(ForkedBooter.java:203)
	at org.apache.maven.surefire.booter.ForkedBooter.runSuitesInProcess(ForkedBooter.java:155)
	at org.apache.maven.surefire.booter.ForkedBooter.main(ForkedBooter.java:103)
 INFO (BiGGTest.java:96) - BioModelsTest: /models/BiGG/iECIAI1_1343.xml
 INFO (SBMLReaderTask.java:129) - ---------------------------------
 INFO (SBMLReaderTask.java:130) - Start Reader.run()
 INFO (SBMLReaderTask.java:131) - ---------------------------------
 INFO (CyNetworkFactoryImpl.java:87) - CyNetwork w/ public tables created: ID = 606398
 INFO (CyNetworkFactoryImpl.java:88) - CyNetwork w/ public tables created: Base Graph ID = 606414
 INFO (SBMLReaderTask.java:375) - ** core **
 INFO (SBMLReaderTask.java:751) - ** fbc **
 INFO (SBMLReaderTask.java:258) - ---------------------------------
 INFO (SBMLReaderTask.java:259) - End Reader.run()
 INFO (SBMLReaderTask.java:260) - ---------------------------------
 INFO (BiGGTest.java:96) - BioModelsTest: /models/BiGG/iECIAI39_1322.xml
 INFO (SBMLReaderTask.java:129) - ---------------------------------
 INFO (SBMLReaderTask.java:130) - Start Reader.run()
 INFO (SBMLReaderTask.java:131) - ---------------------------------
 INFO (CyNetworkFactoryImpl.java:87) - CyNetwork w/ public tables created: ID = 639866
 INFO (CyNetworkFactoryImpl.java:88) - CyNetwork w/ public tables created: Base Graph ID = 639882
 INFO (SBMLReaderTask.java:375) - ** core **
 INFO (SBMLReaderTask.java:751) - ** fbc **
 INFO (SBMLReaderTask.java:258) - ---------------------------------
 INFO (SBMLReaderTask.java:259) - End Reader.run()
 INFO (SBMLReaderTask.java:260) - ---------------------------------
 INFO (BiGGTest.java:96) - BioModelsTest: /models/BiGG/iECNA114_1301.xml
 INFO (SBMLReaderTask.java:129) - ---------------------------------
 INFO (SBMLReaderTask.java:130) - Start Reader.run()
 INFO (SBMLReaderTask.java:131) - ---------------------------------
 INFO (CyNetworkFactoryImpl.java:87) - CyNetwork w/ public tables created: ID = 672792
 INFO (CyNetworkFactoryImpl.java:88) - CyNetwork w/ public tables created: Base Graph ID = 672808
 INFO (SBMLReaderTask.java:375) - ** core **
 INFO (SBMLReaderTask.java:751) - ** fbc **
 INFO (SBMLReaderTask.java:258) - ---------------------------------
 INFO (SBMLReaderTask.java:259) - End Reader.run()
 INFO (SBMLReaderTask.java:260) - ---------------------------------
 INFO (BiGGTest.java:96) - BioModelsTest: /models/BiGG/iECO103_1326.xml
 INFO (SBMLReaderTask.java:129) - ---------------------------------
 INFO (SBMLReaderTask.java:130) - Start Reader.run()
 INFO (SBMLReaderTask.java:131) - ---------------------------------
 INFO (CyNetworkFactoryImpl.java:87) - CyNetwork w/ public tables created: ID = 705630
 INFO (CyNetworkFactoryImpl.java:88) - CyNetwork w/ public tables created: Base Graph ID = 705646
 INFO (SBMLReaderTask.java:375) - ** core **
 INFO (SBMLReaderTask.java:751) - ** fbc **
 INFO (SBMLReaderTask.java:258) - ---------------------------------
 INFO (SBMLReaderTask.java:259) - End Reader.run()
 INFO (SBMLReaderTask.java:260) - ---------------------------------
 INFO (BiGGTest.java:96) - BioModelsTest: /models/BiGG/iECO111_1330.xml
 INFO (SBMLReaderTask.java:129) - ---------------------------------
 INFO (SBMLReaderTask.java:130) - Start Reader.run()
 INFO (SBMLReaderTask.java:131) - ---------------------------------
 INFO (CyNetworkFactoryImpl.java:87) - CyNetwork w/ public tables created: ID = 738937
 INFO (CyNetworkFactoryImpl.java:88) - CyNetwork w/ public tables created: Base Graph ID = 738953
 INFO (SBMLReaderTask.java:375) - ** core **
 INFO (SBMLReaderTask.java:751) - ** fbc **
 INFO (SBMLReaderTask.java:258) - ---------------------------------
 INFO (SBMLReaderTask.java:259) - End Reader.run()
 INFO (SBMLReaderTask.java:260) - ---------------------------------
 INFO (BiGGTest.java:96) - BioModelsTest: /models/BiGG/iECO26_1355.xml
 INFO (SBMLReaderTask.java:129) - ---------------------------------
 INFO (SBMLReaderTask.java:130) - Start Reader.run()
 INFO (SBMLReaderTask.java:131) - ---------------------------------
 INFO (CyNetworkFactoryImpl.java:87) - CyNetwork w/ public tables created: ID = 772275
 INFO (CyNetworkFactoryImpl.java:88) - CyNetwork w/ public tables created: Base Graph ID = 772291
 INFO (SBMLReaderTask.java:375) - ** core **
 INFO (SBMLReaderTask.java:751) - ** fbc **
 INFO (SBMLReaderTask.java:258) - ---------------------------------
 INFO (SBMLReaderTask.java:259) - End Reader.run()
 INFO (SBMLReaderTask.java:260) - ---------------------------------
 INFO (BiGGTest.java:96) - BioModelsTest: /models/BiGG/iECOK1_1307.xml
 INFO (SBMLReaderTask.java:129) - ---------------------------------
 INFO (SBMLReaderTask.java:130) - Start Reader.run()
 INFO (SBMLReaderTask.java:131) - ---------------------------------
 INFO (CyNetworkFactoryImpl.java:87) - CyNetwork w/ public tables created: ID = 805960
 INFO (CyNetworkFactoryImpl.java:88) - CyNetwork w/ public tables created: Base Graph ID = 805976
 INFO (SBMLReaderTask.java:375) - ** core **
 INFO (SBMLReaderTask.java:751) - ** fbc **
 INFO (SBMLReaderTask.java:258) - ---------------------------------
 INFO (SBMLReaderTask.java:259) - End Reader.run()
 INFO (SBMLReaderTask.java:260) - ---------------------------------
 INFO (BiGGTest.java:96) - BioModelsTest: /models/BiGG/iEcolC_1368.xml
 INFO (SBMLReaderTask.java:129) - ---------------------------------
 INFO (SBMLReaderTask.java:130) - Start Reader.run()
 INFO (SBMLReaderTask.java:131) - ---------------------------------
 INFO (CyNetworkFactoryImpl.java:87) - CyNetwork w/ public tables created: ID = 838944
 INFO (CyNetworkFactoryImpl.java:88) - CyNetwork w/ public tables created: Base Graph ID = 838960
 INFO (SBMLReaderTask.java:375) - ** core **
 INFO (SBMLReaderTask.java:751) - ** fbc **
 INFO (SBMLReaderTask.java:258) - ---------------------------------
 INFO (SBMLReaderTask.java:259) - End Reader.run()
 INFO (SBMLReaderTask.java:260) - ---------------------------------
 INFO (BiGGTest.java:96) - BioModelsTest: /models/BiGG/iECP_1309.xml
 INFO (SBMLReaderTask.java:129) - ---------------------------------
 INFO (SBMLReaderTask.java:130) - Start Reader.run()
 INFO (SBMLReaderTask.java:131) - ---------------------------------
 INFO (CyNetworkFactoryImpl.java:87) - CyNetwork w/ public tables created: ID = 872573
 INFO (CyNetworkFactoryImpl.java:88) - CyNetwork w/ public tables created: Base Graph ID = 872589
 INFO (SBMLReaderTask.java:375) - ** core **
 INFO (SBMLReaderTask.java:751) - ** fbc **
ERROR (SBMLReaderTask.java:887) - GeneProduct does not exist for GeneAssociation: G_t in GeneProductRef [geneProduct=G_t, id=, metaid=, name=]
ERROR (SBMLReaderTask.java:887) - GeneProduct does not exist for GeneAssociation: G_Z in GeneProductRef [geneProduct=G_Z, id=, metaid=, name=]
ERROR (SBMLReaderTask.java:887) - GeneProduct does not exist for GeneAssociation: G_t in GeneProductRef [geneProduct=G_t, id=, metaid=, name=]
ERROR (SBMLReaderTask.java:887) - GeneProduct does not exist for GeneAssociation: G_Z in GeneProductRef [geneProduct=G_Z, id=, metaid=, name=]
ERROR (SBMLReaderTask.java:887) - GeneProduct does not exist for GeneAssociation: G_t in GeneProductRef [geneProduct=G_t, id=, metaid=, name=]
ERROR (SBMLReaderTask.java:887) - GeneProduct does not exist for GeneAssociation: G_Z in GeneProductRef [geneProduct=G_Z, id=, metaid=, name=]
ERROR (SBMLReaderTask.java:887) - GeneProduct does not exist for GeneAssociation: G_t in GeneProductRef [geneProduct=G_t, id=, metaid=, name=]
ERROR (SBMLReaderTask.java:887) - GeneProduct does not exist for GeneAssociation: G_Z in GeneProductRef [geneProduct=G_Z, id=, metaid=, name=]
 INFO (SBMLReaderTask.java:258) - ---------------------------------
 INFO (SBMLReaderTask.java:259) - End Reader.run()
 INFO (SBMLReaderTask.java:260) - ---------------------------------
 INFO (BiGGTest.java:96) - BioModelsTest: /models/BiGG/iECs_1301.xml
 INFO (SBMLReaderTask.java:129) - ---------------------------------
 INFO (SBMLReaderTask.java:130) - Start Reader.run()
 INFO (SBMLReaderTask.java:131) - ---------------------------------
 INFO (CyNetworkFactoryImpl.java:87) - CyNetwork w/ public tables created: ID = 905685
 INFO (CyNetworkFactoryImpl.java:88) - CyNetwork w/ public tables created: Base Graph ID = 905701
 INFO (SBMLReaderTask.java:375) - ** core **
 INFO (SBMLReaderTask.java:751) - ** fbc **
 INFO (SBMLReaderTask.java:258) - ---------------------------------
 INFO (SBMLReaderTask.java:259) - End Reader.run()
 INFO (SBMLReaderTask.java:260) - ---------------------------------
 INFO (BiGGTest.java:96) - BioModelsTest: /models/BiGG/iECS88_1305.xml
 INFO (SBMLReaderTask.java:129) - ---------------------------------
 INFO (SBMLReaderTask.java:130) - Start Reader.run()
 INFO (SBMLReaderTask.java:131) - ---------------------------------
 INFO (CyNetworkFactoryImpl.java:87) - CyNetwork w/ public tables created: ID = 938558
 INFO (CyNetworkFactoryImpl.java:88) - CyNetwork w/ public tables created: Base Graph ID = 938574
 INFO (SBMLReaderTask.java:375) - ** core **
 INFO (SBMLReaderTask.java:751) - ** fbc **
 INFO (SBMLReaderTask.java:258) - ---------------------------------
 INFO (SBMLReaderTask.java:259) - End Reader.run()
 INFO (SBMLReaderTask.java:260) - ---------------------------------
 INFO (BiGGTest.java:96) - BioModelsTest: /models/BiGG/iECSE_1348.xml
 INFO (SBMLReaderTask.java:129) - ---------------------------------
 INFO (SBMLReaderTask.java:130) - Start Reader.run()
 INFO (SBMLReaderTask.java:131) - ---------------------------------
 INFO (CyNetworkFactoryImpl.java:87) - CyNetwork w/ public tables created: ID = 971551
 INFO (CyNetworkFactoryImpl.java:88) - CyNetwork w/ public tables created: Base Graph ID = 971567
 INFO (SBMLReaderTask.java:375) - ** core **
 INFO (SBMLReaderTask.java:751) - ** fbc **
 INFO (SBMLReaderTask.java:258) - ---------------------------------
 INFO (SBMLReaderTask.java:259) - End Reader.run()
 INFO (SBMLReaderTask.java:260) - ---------------------------------
 INFO (BiGGTest.java:96) - BioModelsTest: /models/BiGG/iECSF_1327.xml
 INFO (SBMLReaderTask.java:129) - ---------------------------------
 INFO (SBMLReaderTask.java:130) - Start Reader.run()
 INFO (SBMLReaderTask.java:131) - ---------------------------------
 INFO (CyNetworkFactoryImpl.java:87) - CyNetwork w/ public tables created: ID = 1005076
 INFO (CyNetworkFactoryImpl.java:88) - CyNetwork w/ public tables created: Base Graph ID = 1005092
 INFO (SBMLReaderTask.java:375) - ** core **
 INFO (SBMLReaderTask.java:751) - ** fbc **
 INFO (SBMLReaderTask.java:258) - ---------------------------------
 INFO (SBMLReaderTask.java:259) - End Reader.run()
 INFO (SBMLReaderTask.java:260) - ---------------------------------
 INFO (BiGGTest.java:96) - BioModelsTest: /models/BiGG/iEcSMS35_1347.xml
 INFO (SBMLReaderTask.java:129) - ---------------------------------
 INFO (SBMLReaderTask.java:130) - Start Reader.run()
 INFO (SBMLReaderTask.java:131) - ---------------------------------
 INFO (CyNetworkFactoryImpl.java:87) - CyNetwork w/ public tables created: ID = 1038282
 INFO (CyNetworkFactoryImpl.java:88) - CyNetwork w/ public tables created: Base Graph ID = 1038298
 INFO (SBMLReaderTask.java:375) - ** core **
 INFO (SBMLReaderTask.java:751) - ** fbc **
 INFO (SBMLReaderTask.java:258) - ---------------------------------
 INFO (SBMLReaderTask.java:259) - End Reader.run()
 INFO (SBMLReaderTask.java:260) - ---------------------------------
 INFO (BiGGTest.java:96) - BioModelsTest: /models/BiGG/iECSP_1301.xml
 INFO (SBMLReaderTask.java:129) - ---------------------------------
 INFO (SBMLReaderTask.java:130) - Start Reader.run()
 INFO (SBMLReaderTask.java:131) - ---------------------------------
 INFO (CyNetworkFactoryImpl.java:87) - CyNetwork w/ public tables created: ID = 1071586
 INFO (CyNetworkFactoryImpl.java:88) - CyNetwork w/ public tables created: Base Graph ID = 1071602
 INFO (SBMLReaderTask.java:375) - ** core **
 INFO (SBMLReaderTask.java:751) - ** fbc **
 INFO (SBMLReaderTask.java:258) - ---------------------------------
 INFO (SBMLReaderTask.java:259) - End Reader.run()
 INFO (SBMLReaderTask.java:260) - ---------------------------------
 INFO (BiGGTest.java:96) - BioModelsTest: /models/BiGG/iECUMN_1333.xml
 INFO (SBMLReaderTask.java:129) - ---------------------------------
 INFO (SBMLReaderTask.java:130) - Start Reader.run()
 INFO (SBMLReaderTask.java:131) - ---------------------------------
 INFO (CyNetworkFactoryImpl.java:87) - CyNetwork w/ public tables created: ID = 1104354
 INFO (CyNetworkFactoryImpl.java:88) - CyNetwork w/ public tables created: Base Graph ID = 1104370
 INFO (SBMLReaderTask.java:375) - ** core **
 INFO (SBMLReaderTask.java:751) - ** fbc **
 INFO (SBMLReaderTask.java:258) - ---------------------------------
 INFO (SBMLReaderTask.java:259) - End Reader.run()
 INFO (SBMLReaderTask.java:260) - ---------------------------------
 INFO (BiGGTest.java:96) - BioModelsTest: /models/BiGG/iECW_1372.xml
 INFO (SBMLReaderTask.java:129) - ---------------------------------
 INFO (SBMLReaderTask.java:130) - Start Reader.run()
 INFO (SBMLReaderTask.java:131) - ---------------------------------
 INFO (CyNetworkFactoryImpl.java:87) - CyNetwork w/ public tables created: ID = 1137499
 INFO (CyNetworkFactoryImpl.java:88) - CyNetwork w/ public tables created: Base Graph ID = 1137515
 INFO (SBMLReaderTask.java:375) - ** core **
 INFO (SBMLReaderTask.java:751) - ** fbc **
 INFO (SBMLReaderTask.java:258) - ---------------------------------
 INFO (SBMLReaderTask.java:259) - End Reader.run()
 INFO (SBMLReaderTask.java:260) - ---------------------------------
 INFO (BiGGTest.java:96) - BioModelsTest: /models/BiGG/iEKO11_1354.xml
 INFO (SBMLReaderTask.java:129) - ---------------------------------
 INFO (SBMLReaderTask.java:130) - Start Reader.run()
 INFO (SBMLReaderTask.java:131) - ---------------------------------
 INFO (CyNetworkFactoryImpl.java:87) - CyNetwork w/ public tables created: ID = 1171211
 INFO (CyNetworkFactoryImpl.java:88) - CyNetwork w/ public tables created: Base Graph ID = 1171227
 INFO (SBMLReaderTask.java:375) - ** core **
 INFO (SBMLReaderTask.java:751) - ** fbc **
 INFO (SBMLReaderTask.java:258) - ---------------------------------
 INFO (SBMLReaderTask.java:259) - End Reader.run()
 INFO (SBMLReaderTask.java:260) - ---------------------------------
 INFO (BiGGTest.java:96) - BioModelsTest: /models/BiGG/iETEC_1333.xml
 INFO (SBMLReaderTask.java:129) - ---------------------------------
 INFO (SBMLReaderTask.java:130) - Start Reader.run()
 INFO (SBMLReaderTask.java:131) - ---------------------------------
 INFO (CyNetworkFactoryImpl.java:87) - CyNetwork w/ public tables created: ID = 1204912
 INFO (CyNetworkFactoryImpl.java:88) - CyNetwork w/ public tables created: Base Graph ID = 1204928
 INFO (SBMLReaderTask.java:375) - ** core **
 INFO (SBMLReaderTask.java:751) - ** fbc **
ERROR (SBMLReaderTask.java:887) - GeneProduct does not exist for GeneAssociation: G_t in GeneProductRef [geneProduct=G_t, id=, metaid=, name=]
ERROR (SBMLReaderTask.java:887) - GeneProduct does not exist for GeneAssociation: G_Z in GeneProductRef [geneProduct=G_Z, id=, metaid=, name=]
ERROR (SBMLReaderTask.java:887) - GeneProduct does not exist for GeneAssociation: G_t in GeneProductRef [geneProduct=G_t, id=, metaid=, name=]
ERROR (SBMLReaderTask.java:887) - GeneProduct does not exist for GeneAssociation: G_Z in GeneProductRef [geneProduct=G_Z, id=, metaid=, name=]
ERROR (SBMLReaderTask.java:887) - GeneProduct does not exist for GeneAssociation: G_t in GeneProductRef [geneProduct=G_t, id=, metaid=, name=]
ERROR (SBMLReaderTask.java:887) - GeneProduct does not exist for GeneAssociation: G_Z in GeneProductRef [geneProduct=G_Z, id=, metaid=, name=]
ERROR (SBMLReaderTask.java:887) - GeneProduct does not exist for GeneAssociation: G_t in GeneProductRef [geneProduct=G_t, id=, metaid=, name=]
ERROR (SBMLReaderTask.java:887) - GeneProduct does not exist for GeneAssociation: G_Z in GeneProductRef [geneProduct=G_Z, id=, metaid=, name=]
 INFO (SBMLReaderTask.java:258) - ---------------------------------
 INFO (SBMLReaderTask.java:259) - End Reader.run()
 INFO (SBMLReaderTask.java:260) - ---------------------------------
 INFO (BiGGTest.java:96) - BioModelsTest: /models/BiGG/iG2583_1286.xml
 INFO (SBMLReaderTask.java:129) - ---------------------------------
 INFO (SBMLReaderTask.java:130) - Start Reader.run()
 INFO (SBMLReaderTask.java:131) - ---------------------------------
 INFO (CyNetworkFactoryImpl.java:87) - CyNetwork w/ public tables created: ID = 1238348
 INFO (CyNetworkFactoryImpl.java:88) - CyNetwork w/ public tables created: Base Graph ID = 1238364
 INFO (SBMLReaderTask.java:375) - ** core **
 INFO (SBMLReaderTask.java:751) - ** fbc **
 INFO (SBMLReaderTask.java:258) - ---------------------------------
 INFO (SBMLReaderTask.java:259) - End Reader.run()
 INFO (SBMLReaderTask.java:260) - ---------------------------------
 INFO (BiGGTest.java:96) - BioModelsTest: /models/BiGG/iHN637.xml
 INFO (SBMLReaderTask.java:129) - ---------------------------------
 INFO (SBMLReaderTask.java:130) - Start Reader.run()
 INFO (SBMLReaderTask.java:131) - ---------------------------------
 INFO (CyNetworkFactoryImpl.java:87) - CyNetwork w/ public tables created: ID = 1270993
 INFO (CyNetworkFactoryImpl.java:88) - CyNetwork w/ public tables created: Base Graph ID = 1271009
 INFO (SBMLReaderTask.java:375) - ** core **
 INFO (SBMLReaderTask.java:751) - ** fbc **
 INFO (SBMLReaderTask.java:258) - ---------------------------------
 INFO (SBMLReaderTask.java:259) - End Reader.run()
 INFO (SBMLReaderTask.java:260) - ---------------------------------
 INFO (BiGGTest.java:96) - BioModelsTest: /models/BiGG/iIJ478.xml
 INFO (SBMLReaderTask.java:129) - ---------------------------------
 INFO (SBMLReaderTask.java:130) - Start Reader.run()
 INFO (SBMLReaderTask.java:131) - ---------------------------------
 INFO (CyNetworkFactoryImpl.java:87) - CyNetwork w/ public tables created: ID = 1281020
 INFO (CyNetworkFactoryImpl.java:88) - CyNetwork w/ public tables created: Base Graph ID = 1281036
 WARN (SBMLCoreParser.java:447) - No Compartment matches the compartmentID 'r' of reaction 'R_DHDPRx_r'.
 WARN (SBMLCoreParser.java:447) - No Compartment matches the compartmentID 'tm' of reaction 'R_FPGS_tm'.
 INFO (SBMLReaderTask.java:375) - ** core **
ERROR (SBMLReaderTask.java:483) - Compartment does not exist for reaction: r for R_DHDPRx_r
ERROR (SBMLReaderTask.java:483) - Compartment does not exist for reaction: tm for R_FPGS_tm
 INFO (SBMLReaderTask.java:751) - ** fbc **
 INFO (SBMLReaderTask.java:258) - ---------------------------------
 INFO (SBMLReaderTask.java:259) - End Reader.run()
 INFO (SBMLReaderTask.java:260) - ---------------------------------
 INFO (BiGGTest.java:96) - BioModelsTest: /models/BiGG/iIT341.xml
 INFO (SBMLReaderTask.java:129) - ---------------------------------
 INFO (SBMLReaderTask.java:130) - Start Reader.run()
 INFO (SBMLReaderTask.java:131) - ---------------------------------
 INFO (CyNetworkFactoryImpl.java:87) - CyNetwork w/ public tables created: ID = 1289485
 INFO (CyNetworkFactoryImpl.java:88) - CyNetwork w/ public tables created: Base Graph ID = 1289501
 INFO (SBMLReaderTask.java:375) - ** core **
 INFO (SBMLReaderTask.java:751) - ** fbc **
 INFO (SBMLReaderTask.java:258) - ---------------------------------
 INFO (SBMLReaderTask.java:259) - End Reader.run()
 INFO (SBMLReaderTask.java:260) - ---------------------------------
 INFO (BiGGTest.java:96) - BioModelsTest: /models/BiGG/iJN678.xml
 INFO (SBMLReaderTask.java:129) - ---------------------------------
 INFO (SBMLReaderTask.java:130) - Start Reader.run()
 INFO (SBMLReaderTask.java:131) - ---------------------------------
 INFO (CyNetworkFactoryImpl.java:87) - CyNetwork w/ public tables created: ID = 1295931
 INFO (CyNetworkFactoryImpl.java:88) - CyNetwork w/ public tables created: Base Graph ID = 1295947
ERROR (SBMLReaderTask.java:263) - Could not read SBML into Cytoscape!
java.lang.NullPointerException
	at java.io.Reader.<init>(Reader.java:78)
	at java.io.InputStreamReader.<init>(InputStreamReader.java:72)
	at org.cy3sbml.SBMLReaderTask.readString(SBMLReaderTask.java:1021)
	at org.cy3sbml.SBMLReaderTask.run(SBMLReaderTask.java:148)
	at org.cy3sbml.BiGGTest.testSingleBiGG(BiGGTest.java:127)
	at sun.reflect.GeneratedMethodAccessor9.invoke(Unknown Source)
	at sun.reflect.DelegatingMethodAccessorImpl.invoke(DelegatingMethodAccessorImpl.java:43)
	at java.lang.reflect.Method.invoke(Method.java:497)
	at org.junit.runners.model.FrameworkMethod$1.runReflectiveCall(FrameworkMethod.java:50)
	at org.junit.internal.runners.model.ReflectiveCallable.run(ReflectiveCallable.java:12)
	at org.junit.runners.model.FrameworkMethod.invokeExplosively(FrameworkMethod.java:47)
	at org.junit.internal.runners.statements.InvokeMethod.evaluate(InvokeMethod.java:17)
	at org.junit.internal.runners.statements.RunBefores.evaluate(RunBefores.java:26)
	at org.junit.internal.runners.statements.RunAfters.evaluate(RunAfters.java:27)
	at org.junit.runners.ParentRunner.runLeaf(ParentRunner.java:325)
	at org.junit.runners.BlockJUnit4ClassRunner.runChild(BlockJUnit4ClassRunner.java:78)
	at org.junit.runners.BlockJUnit4ClassRunner.runChild(BlockJUnit4ClassRunner.java:57)
	at org.junit.runners.ParentRunner$3.run(ParentRunner.java:290)
	at org.junit.runners.ParentRunner$1.schedule(ParentRunner.java:71)
	at org.junit.runners.ParentRunner.runChildren(ParentRunner.java:288)
	at org.junit.runners.ParentRunner.access$000(ParentRunner.java:58)
	at org.junit.runners.ParentRunner$2.evaluate(ParentRunner.java:268)
	at org.junit.runners.ParentRunner.run(ParentRunner.java:363)
	at org.junit.runners.Suite.runChild(Suite.java:128)
	at org.junit.runners.Suite.runChild(Suite.java:27)
	at org.junit.runners.ParentRunner$3.run(ParentRunner.java:290)
	at org.junit.runners.ParentRunner$1.schedule(ParentRunner.java:71)
	at org.junit.runners.ParentRunner.runChildren(ParentRunner.java:288)
	at org.junit.runners.ParentRunner.access$000(ParentRunner.java:58)
	at org.junit.runners.ParentRunner$2.evaluate(ParentRunner.java:268)
	at org.junit.runners.ParentRunner.run(ParentRunner.java:363)
	at org.apache.maven.surefire.junit4.JUnit4Provider.execute(JUnit4Provider.java:283)
	at org.apache.maven.surefire.junit4.JUnit4Provider.executeWithRerun(JUnit4Provider.java:173)
	at org.apache.maven.surefire.junit4.JUnit4Provider.executeTestSet(JUnit4Provider.java:153)
	at org.apache.maven.surefire.junit4.JUnit4Provider.invoke(JUnit4Provider.java:128)
	at org.apache.maven.surefire.booter.ForkedBooter.invokeProviderInSameClassLoader(ForkedBooter.java:203)
	at org.apache.maven.surefire.booter.ForkedBooter.runSuitesInProcess(ForkedBooter.java:155)
	at org.apache.maven.surefire.booter.ForkedBooter.main(ForkedBooter.java:103)
 INFO (BiGGTest.java:96) - BioModelsTest: /models/BiGG/iJN746.xml
 INFO (SBMLReaderTask.java:129) - ---------------------------------
 INFO (SBMLReaderTask.java:130) - Start Reader.run()
 INFO (SBMLReaderTask.java:131) - ---------------------------------
 INFO (CyNetworkFactoryImpl.java:87) - CyNetwork w/ public tables created: ID = 1295957
 INFO (CyNetworkFactoryImpl.java:88) - CyNetwork w/ public tables created: Base Graph ID = 1295973
 WARN (SBMLCoreParser.java:447) - No Compartment matches the compartmentID 'ex' of reaction 'R_3OXOADPt_ex'.
 WARN (SBMLCoreParser.java:447) - No Compartment matches the compartmentID 'pp' of reaction 'R_3OXOADPt_pp'.
 WARN (SBMLCoreParser.java:447) - No Compartment matches the compartmentID 'pp' of reaction 'R_3_4DHBZ1t_pp'.
 WARN (SBMLCoreParser.java:447) - No Compartment matches the compartmentID 'kt' of reaction 'R_4CMLCL_kt'.
 WARN (SBMLCoreParser.java:447) - No Compartment matches the compartmentID 'ex' of reaction 'R_CHOLS_ex'.
 WARN (SBMLCoreParser.java:447) - No Compartment matches the compartmentID 'kt' of reaction 'R_CITt_kt'.
 WARN (SBMLCoreParser.java:447) - No Compartment matches the compartmentID 'kt' of reaction 'R_ICITt_kt'.
 WARN (SBMLCoreParser.java:447) - No Compartment matches the compartmentID 'kt' of reaction 'R_MUCCY_kt'.
 WARN (SBMLCoreParser.java:447) - No Compartment matches the compartmentID 'pp' of reaction 'R_UHBZ1t_pp'.
 INFO (SBMLReaderTask.java:375) - ** core **
ERROR (SBMLReaderTask.java:483) - Compartment does not exist for reaction: ex for R_3OXOADPt_ex
ERROR (SBMLReaderTask.java:483) - Compartment does not exist for reaction: pp for R_3OXOADPt_pp
ERROR (SBMLReaderTask.java:483) - Compartment does not exist for reaction: pp for R_3_4DHBZ1t_pp
ERROR (SBMLReaderTask.java:483) - Compartment does not exist for reaction: kt for R_4CMLCL_kt
ERROR (SBMLReaderTask.java:483) - Compartment does not exist for reaction: ex for R_CHOLS_ex
ERROR (SBMLReaderTask.java:483) - Compartment does not exist for reaction: kt for R_CITt_kt
ERROR (SBMLReaderTask.java:483) - Compartment does not exist for reaction: kt for R_ICITt_kt
ERROR (SBMLReaderTask.java:483) - Compartment does not exist for reaction: kt for R_MUCCY_kt
ERROR (SBMLReaderTask.java:483) - Compartment does not exist for reaction: pp for R_UHBZ1t_pp
 INFO (SBMLReaderTask.java:751) - ** fbc **
 INFO (SBMLReaderTask.java:258) - ---------------------------------
 INFO (SBMLReaderTask.java:259) - End Reader.run()
 INFO (SBMLReaderTask.java:260) - ---------------------------------
 INFO (BiGGTest.java:96) - BioModelsTest: /models/BiGG/iJO1366.xml
 INFO (SBMLReaderTask.java:129) - ---------------------------------
 INFO (SBMLReaderTask.java:130) - Start Reader.run()
 INFO (SBMLReaderTask.java:131) - ---------------------------------
 INFO (CyNetworkFactoryImpl.java:87) - CyNetwork w/ public tables created: ID = 1309007
 INFO (CyNetworkFactoryImpl.java:88) - CyNetwork w/ public tables created: Base Graph ID = 1309023
 INFO (SBMLReaderTask.java:375) - ** core **
 INFO (SBMLReaderTask.java:751) - ** fbc **
 INFO (SBMLReaderTask.java:258) - ---------------------------------
 INFO (SBMLReaderTask.java:259) - End Reader.run()
 INFO (SBMLReaderTask.java:260) - ---------------------------------
 INFO (BiGGTest.java:96) - BioModelsTest: /models/BiGG/iJR904.xml
 INFO (SBMLReaderTask.java:129) - ---------------------------------
 INFO (SBMLReaderTask.java:130) - Start Reader.run()
 INFO (SBMLReaderTask.java:131) - ---------------------------------
 INFO (CyNetworkFactoryImpl.java:87) - CyNetwork w/ public tables created: ID = 1341247
 INFO (CyNetworkFactoryImpl.java:88) - CyNetwork w/ public tables created: Base Graph ID = 1341263
 INFO (SBMLReaderTask.java:375) - ** core **
 INFO (SBMLReaderTask.java:751) - ** fbc **
 INFO (SBMLReaderTask.java:258) - ---------------------------------
 INFO (SBMLReaderTask.java:259) - End Reader.run()
 INFO (SBMLReaderTask.java:260) - ---------------------------------
 INFO (BiGGTest.java:96) - BioModelsTest: /models/BiGG/iLF82_1304.xml
 INFO (SBMLReaderTask.java:129) - ---------------------------------
 INFO (SBMLReaderTask.java:130) - Start Reader.run()
 INFO (SBMLReaderTask.java:131) - ---------------------------------
 INFO (CyNetworkFactoryImpl.java:87) - CyNetwork w/ public tables created: ID = 1354634
 INFO (CyNetworkFactoryImpl.java:88) - CyNetwork w/ public tables created: Base Graph ID = 1354650
 INFO (SBMLReaderTask.java:375) - ** core **
 INFO (SBMLReaderTask.java:751) - ** fbc **
 INFO (SBMLReaderTask.java:258) - ---------------------------------
 INFO (SBMLReaderTask.java:259) - End Reader.run()
 INFO (SBMLReaderTask.java:260) - ---------------------------------
 INFO (BiGGTest.java:96) - BioModelsTest: /models/BiGG/iMM1415.xml
 INFO (SBMLReaderTask.java:129) - ---------------------------------
 INFO (SBMLReaderTask.java:130) - Start Reader.run()
 INFO (SBMLReaderTask.java:131) - ---------------------------------
 INFO (CyNetworkFactoryImpl.java:87) - CyNetwork w/ public tables created: ID = 1387584
 INFO (CyNetworkFactoryImpl.java:88) - CyNetwork w/ public tables created: Base Graph ID = 1387600
ERROR (SBMLReaderTask.java:263) - Could not read SBML into Cytoscape!
java.lang.NullPointerException
	at java.io.Reader.<init>(Reader.java:78)
	at java.io.InputStreamReader.<init>(InputStreamReader.java:72)
	at org.cy3sbml.SBMLReaderTask.readString(SBMLReaderTask.java:1021)
	at org.cy3sbml.SBMLReaderTask.run(SBMLReaderTask.java:148)
	at org.cy3sbml.BiGGTest.testSingleBiGG(BiGGTest.java:127)
	at sun.reflect.GeneratedMethodAccessor9.invoke(Unknown Source)
	at sun.reflect.DelegatingMethodAccessorImpl.invoke(DelegatingMethodAccessorImpl.java:43)
	at java.lang.reflect.Method.invoke(Method.java:497)
	at org.junit.runners.model.FrameworkMethod$1.runReflectiveCall(FrameworkMethod.java:50)
	at org.junit.internal.runners.model.ReflectiveCallable.run(ReflectiveCallable.java:12)
	at org.junit.runners.model.FrameworkMethod.invokeExplosively(FrameworkMethod.java:47)
	at org.junit.internal.runners.statements.InvokeMethod.evaluate(InvokeMethod.java:17)
	at org.junit.internal.runners.statements.RunBefores.evaluate(RunBefores.java:26)
	at org.junit.internal.runners.statements.RunAfters.evaluate(RunAfters.java:27)
	at org.junit.runners.ParentRunner.runLeaf(ParentRunner.java:325)
	at org.junit.runners.BlockJUnit4ClassRunner.runChild(BlockJUnit4ClassRunner.java:78)
	at org.junit.runners.BlockJUnit4ClassRunner.runChild(BlockJUnit4ClassRunner.java:57)
	at org.junit.runners.ParentRunner$3.run(ParentRunner.java:290)
	at org.junit.runners.ParentRunner$1.schedule(ParentRunner.java:71)
	at org.junit.runners.ParentRunner.runChildren(ParentRunner.java:288)
	at org.junit.runners.ParentRunner.access$000(ParentRunner.java:58)
	at org.junit.runners.ParentRunner$2.evaluate(ParentRunner.java:268)
	at org.junit.runners.ParentRunner.run(ParentRunner.java:363)
	at org.junit.runners.Suite.runChild(Suite.java:128)
	at org.junit.runners.Suite.runChild(Suite.java:27)
	at org.junit.runners.ParentRunner$3.run(ParentRunner.java:290)
	at org.junit.runners.ParentRunner$1.schedule(ParentRunner.java:71)
	at org.junit.runners.ParentRunner.runChildren(ParentRunner.java:288)
	at org.junit.runners.ParentRunner.access$000(ParentRunner.java:58)
	at org.junit.runners.ParentRunner$2.evaluate(ParentRunner.java:268)
	at org.junit.runners.ParentRunner.run(ParentRunner.java:363)
	at org.apache.maven.surefire.junit4.JUnit4Provider.execute(JUnit4Provider.java:283)
	at org.apache.maven.surefire.junit4.JUnit4Provider.executeWithRerun(JUnit4Provider.java:173)
	at org.apache.maven.surefire.junit4.JUnit4Provider.executeTestSet(JUnit4Provider.java:153)
	at org.apache.maven.surefire.junit4.JUnit4Provider.invoke(JUnit4Provider.java:128)
	at org.apache.maven.surefire.booter.ForkedBooter.invokeProviderInSameClassLoader(ForkedBooter.java:203)
	at org.apache.maven.surefire.booter.ForkedBooter.runSuitesInProcess(ForkedBooter.java:155)
	at org.apache.maven.surefire.booter.ForkedBooter.main(ForkedBooter.java:103)
 INFO (BiGGTest.java:96) - BioModelsTest: /models/BiGG/iMM904.xml
 INFO (SBMLReaderTask.java:129) - ---------------------------------
 INFO (SBMLReaderTask.java:130) - Start Reader.run()
 INFO (SBMLReaderTask.java:131) - ---------------------------------
 INFO (CyNetworkFactoryImpl.java:87) - CyNetwork w/ public tables created: ID = 1387610
 INFO (CyNetworkFactoryImpl.java:88) - CyNetwork w/ public tables created: Base Graph ID = 1387626
 INFO (SBMLReaderTask.java:375) - ** core **
 INFO (SBMLReaderTask.java:751) - ** fbc **
 INFO (SBMLReaderTask.java:258) - ---------------------------------
 INFO (SBMLReaderTask.java:259) - End Reader.run()
 INFO (SBMLReaderTask.java:260) - ---------------------------------
 INFO (BiGGTest.java:96) - BioModelsTest: /models/BiGG/iND750.xml
 INFO (SBMLReaderTask.java:129) - ---------------------------------
 INFO (SBMLReaderTask.java:130) - Start Reader.run()
 INFO (SBMLReaderTask.java:131) - ---------------------------------
 INFO (CyNetworkFactoryImpl.java:87) - CyNetwork w/ public tables created: ID = 1406915
 INFO (CyNetworkFactoryImpl.java:88) - CyNetwork w/ public tables created: Base Graph ID = 1406931
 INFO (SBMLReaderTask.java:375) - ** core **
 INFO (SBMLReaderTask.java:751) - ** fbc **
 INFO (SBMLReaderTask.java:258) - ---------------------------------
 INFO (SBMLReaderTask.java:259) - End Reader.run()
 INFO (SBMLReaderTask.java:260) - ---------------------------------
 INFO (BiGGTest.java:96) - BioModelsTest: /models/BiGG/iNJ661.xml
 INFO (SBMLReaderTask.java:129) - ---------------------------------
 INFO (SBMLReaderTask.java:130) - Start Reader.run()
 INFO (SBMLReaderTask.java:131) - ---------------------------------
 INFO (CyNetworkFactoryImpl.java:87) - CyNetwork w/ public tables created: ID = 1422120
 INFO (CyNetworkFactoryImpl.java:88) - CyNetwork w/ public tables created: Base Graph ID = 1422136
 INFO (SBMLReaderTask.java:375) - ** core **
 INFO (SBMLReaderTask.java:751) - ** fbc **
 INFO (SBMLReaderTask.java:258) - ---------------------------------
 INFO (SBMLReaderTask.java:259) - End Reader.run()
 INFO (SBMLReaderTask.java:260) - ---------------------------------
 INFO (BiGGTest.java:96) - BioModelsTest: /models/BiGG/iNRG857_1313.xml
 INFO (SBMLReaderTask.java:129) - ---------------------------------
 INFO (SBMLReaderTask.java:130) - Start Reader.run()
 INFO (SBMLReaderTask.java:131) - ---------------------------------
 INFO (CyNetworkFactoryImpl.java:87) - CyNetwork w/ public tables created: ID = 1435029
 INFO (CyNetworkFactoryImpl.java:88) - CyNetwork w/ public tables created: Base Graph ID = 1435045
 INFO (SBMLReaderTask.java:375) - ** core **
 INFO (SBMLReaderTask.java:751) - ** fbc **
 INFO (SBMLReaderTask.java:258) - ---------------------------------
 INFO (SBMLReaderTask.java:259) - End Reader.run()
 INFO (SBMLReaderTask.java:260) - ---------------------------------
 INFO (BiGGTest.java:96) - BioModelsTest: /models/BiGG/iPC815.xml
 INFO (SBMLReaderTask.java:129) - ---------------------------------
 INFO (SBMLReaderTask.java:130) - Start Reader.run()
 INFO (SBMLReaderTask.java:131) - ---------------------------------
 INFO (CyNetworkFactoryImpl.java:87) - CyNetwork w/ public tables created: ID = 1468113
 INFO (CyNetworkFactoryImpl.java:88) - CyNetwork w/ public tables created: Base Graph ID = 1468129
 INFO (SBMLReaderTask.java:375) - ** core **
 INFO (SBMLReaderTask.java:751) - ** fbc **
 INFO (SBMLReaderTask.java:258) - ---------------------------------
 INFO (SBMLReaderTask.java:259) - End Reader.run()
 INFO (SBMLReaderTask.java:260) - ---------------------------------
 INFO (BiGGTest.java:96) - BioModelsTest: /models/BiGG/iRC1080.xml
 INFO (SBMLReaderTask.java:129) - ---------------------------------
 INFO (SBMLReaderTask.java:130) - Start Reader.run()
 INFO (SBMLReaderTask.java:131) - ---------------------------------
 INFO (CyNetworkFactoryImpl.java:87) - CyNetwork w/ public tables created: ID = 1490278
 INFO (CyNetworkFactoryImpl.java:88) - CyNetwork w/ public tables created: Base Graph ID = 1490294
 WARN (SBMLCoreParser.java:447) - No Compartment matches the compartmentID 'th' of reaction 'R_AKG_na_th'.
 WARN (SBMLCoreParser.java:447) - No Compartment matches the compartmentID 'th' of reaction 'R_ATP_3h_th'.
 WARN (SBMLCoreParser.java:447) - No Compartment matches the compartmentID 'th' of reaction 'R_G1P_pi_th'.
 WARN (SBMLCoreParser.java:447) - No Compartment matches the compartmentID 'th' of reaction 'R_G6PA_pi_th'.
 WARN (SBMLCoreParser.java:447) - No Compartment matches the compartmentID 'th' of reaction 'R_G6PB_pi_th'.
 WARN (SBMLCoreParser.java:447) - No Compartment matches the compartmentID 'th' of reaction 'R_MAL_na_th'.
 WARN (SBMLCoreParser.java:447) - No Compartment matches the compartmentID 'ti' of reaction 'R_HCO3_h_ti'.
 WARN (SBMLCoreParser.java:447) - No Compartment matches the compartmentID 'tx' of reaction 'R_COA_h_tx'.
 WARN (SBMLCoreParser.java:447) - No Compartment matches the compartmentID 'tx' of reaction 'R_NADH_h_tx'.
 WARN (SBMLCoreParser.java:447) - No Compartment matches the compartmentID 'tm' of reaction 'R_AKG_na_tm'.
 WARN (SBMLCoreParser.java:447) - No Compartment matches the compartmentID 'tm' of reaction 'R_ATP_3h_tm'.
 WARN (SBMLCoreParser.java:447) - No Compartment matches the compartmentID 'tm' of reaction 'R_MAL_na_tm'.
 WARN (SBMLCoreParser.java:447) - No Compartment matches the compartmentID 'hi' of reaction 'R_GAPDH_nadp_hi'.
 WARN (SBMLCoreParser.java:447) - No Compartment matches the compartmentID 'hi' of reaction 'R_MDH_nadp_hi'.
 WARN (SBMLCoreParser.java:447) - No Compartment matches the compartmentID 'hr' of reaction 'R_MDHC_nadp_hr'.
 WARN (SBMLCoreParser.java:447) - No Compartment matches the compartmentID 'co' of reaction 'R_ACDO_co'.
 WARN (SBMLCoreParser.java:447) - No Compartment matches the compartmentID 'hi' of reaction 'R_ALCDH_nadp_hi'.
 WARN (SBMLCoreParser.java:447) - No Compartment matches the compartmentID 'fi' of reaction 'R_MDH_nadp_fi'.
 INFO (SBMLReaderTask.java:375) - ** core **
ERROR (SBMLReaderTask.java:483) - Compartment does not exist for reaction: th for R_AKG_na_th
ERROR (SBMLReaderTask.java:483) - Compartment does not exist for reaction: th for R_ATP_3h_th
ERROR (SBMLReaderTask.java:483) - Compartment does not exist for reaction: th for R_G1P_pi_th
ERROR (SBMLReaderTask.java:483) - Compartment does not exist for reaction: th for R_G6PA_pi_th
ERROR (SBMLReaderTask.java:483) - Compartment does not exist for reaction: th for R_G6PB_pi_th
ERROR (SBMLReaderTask.java:483) - Compartment does not exist for reaction: th for R_MAL_na_th
ERROR (SBMLReaderTask.java:483) - Compartment does not exist for reaction: ti for R_HCO3_h_ti
ERROR (SBMLReaderTask.java:483) - Compartment does not exist for reaction: tx for R_COA_h_tx
ERROR (SBMLReaderTask.java:483) - Compartment does not exist for reaction: tx for R_NADH_h_tx
ERROR (SBMLReaderTask.java:483) - Compartment does not exist for reaction: tm for R_AKG_na_tm
ERROR (SBMLReaderTask.java:483) - Compartment does not exist for reaction: tm for R_ATP_3h_tm
ERROR (SBMLReaderTask.java:483) - Compartment does not exist for reaction: tm for R_MAL_na_tm
ERROR (SBMLReaderTask.java:483) - Compartment does not exist for reaction: hi for R_GAPDH_nadp_hi
ERROR (SBMLReaderTask.java:483) - Compartment does not exist for reaction: hi for R_MDH_nadp_hi
ERROR (SBMLReaderTask.java:483) - Compartment does not exist for reaction: hr for R_MDHC_nadp_hr
ERROR (SBMLReaderTask.java:483) - Compartment does not exist for reaction: co for R_ACDO_co
ERROR (SBMLReaderTask.java:483) - Compartment does not exist for reaction: hi for R_ALCDH_nadp_hi
ERROR (SBMLReaderTask.java:483) - Compartment does not exist for reaction: fi for R_MDH_nadp_fi
 INFO (SBMLReaderTask.java:751) - ** fbc **
 INFO (SBMLReaderTask.java:258) - ---------------------------------
 INFO (SBMLReaderTask.java:259) - End Reader.run()
 INFO (SBMLReaderTask.java:260) - ---------------------------------
 INFO (BiGGTest.java:96) - BioModelsTest: /models/BiGG/iS_1188.xml
 INFO (SBMLReaderTask.java:129) - ---------------------------------
 INFO (SBMLReaderTask.java:130) - Start Reader.run()
 INFO (SBMLReaderTask.java:131) - ---------------------------------
 INFO (CyNetworkFactoryImpl.java:87) - CyNetwork w/ public tables created: ID = 1523901
 INFO (CyNetworkFactoryImpl.java:88) - CyNetwork w/ public tables created: Base Graph ID = 1523917
 INFO (SBMLReaderTask.java:375) - ** core **
 INFO (SBMLReaderTask.java:751) - ** fbc **
 INFO (SBMLReaderTask.java:258) - ---------------------------------
 INFO (SBMLReaderTask.java:259) - End Reader.run()
 INFO (SBMLReaderTask.java:260) - ---------------------------------
 INFO (BiGGTest.java:96) - BioModelsTest: /models/BiGG/iSB619.xml
 INFO (SBMLReaderTask.java:129) - ---------------------------------
 INFO (SBMLReaderTask.java:130) - Start Reader.run()
 INFO (SBMLReaderTask.java:131) - ---------------------------------
 INFO (CyNetworkFactoryImpl.java:87) - CyNetwork w/ public tables created: ID = 1555382
 INFO (CyNetworkFactoryImpl.java:88) - CyNetwork w/ public tables created: Base Graph ID = 1555398
 INFO (SBMLReaderTask.java:375) - ** core **
 INFO (SBMLReaderTask.java:751) - ** fbc **
 INFO (SBMLReaderTask.java:258) - ---------------------------------
 INFO (SBMLReaderTask.java:259) - End Reader.run()
 INFO (SBMLReaderTask.java:260) - ---------------------------------
 INFO (BiGGTest.java:96) - BioModelsTest: /models/BiGG/iSbBS512_1146.xml
 INFO (SBMLReaderTask.java:129) - ---------------------------------
 INFO (SBMLReaderTask.java:130) - Start Reader.run()
 INFO (SBMLReaderTask.java:131) - ---------------------------------
 INFO (CyNetworkFactoryImpl.java:87) - CyNetwork w/ public tables created: ID = 1565532
 INFO (CyNetworkFactoryImpl.java:88) - CyNetwork w/ public tables created: Base Graph ID = 1565548
 INFO (SBMLReaderTask.java:375) - ** core **
 INFO (SBMLReaderTask.java:751) - ** fbc **
 INFO (SBMLReaderTask.java:258) - ---------------------------------
 INFO (SBMLReaderTask.java:259) - End Reader.run()
 INFO (SBMLReaderTask.java:260) - ---------------------------------
 INFO (BiGGTest.java:96) - BioModelsTest: /models/BiGG/iSBO_1134.xml
 INFO (SBMLReaderTask.java:129) - ---------------------------------
 INFO (SBMLReaderTask.java:130) - Start Reader.run()
 INFO (SBMLReaderTask.java:131) - ---------------------------------
 INFO (CyNetworkFactoryImpl.java:87) - CyNetwork w/ public tables created: ID = 1596540
 INFO (CyNetworkFactoryImpl.java:88) - CyNetwork w/ public tables created: Base Graph ID = 1596556
 INFO (SBMLReaderTask.java:375) - ** core **
 INFO (SBMLReaderTask.java:751) - ** fbc **
ERROR (SBMLReaderTask.java:887) - GeneProduct does not exist for GeneAssociation: G_t in GeneProductRef [geneProduct=G_t, id=, metaid=, name=]
ERROR (SBMLReaderTask.java:887) - GeneProduct does not exist for GeneAssociation: G_Z in GeneProductRef [geneProduct=G_Z, id=, metaid=, name=]
ERROR (SBMLReaderTask.java:887) - GeneProduct does not exist for GeneAssociation: G_t in GeneProductRef [geneProduct=G_t, id=, metaid=, name=]
ERROR (SBMLReaderTask.java:887) - GeneProduct does not exist for GeneAssociation: G_Y in GeneProductRef [geneProduct=G_Y, id=, metaid=, name=]
ERROR (SBMLReaderTask.java:887) - GeneProduct does not exist for GeneAssociation: G_t in GeneProductRef [geneProduct=G_t, id=, metaid=, name=]
ERROR (SBMLReaderTask.java:887) - GeneProduct does not exist for GeneAssociation: G_Z in GeneProductRef [geneProduct=G_Z, id=, metaid=, name=]
ERROR (SBMLReaderTask.java:887) - GeneProduct does not exist for GeneAssociation: G_t in GeneProductRef [geneProduct=G_t, id=, metaid=, name=]
ERROR (SBMLReaderTask.java:887) - GeneProduct does not exist for GeneAssociation: G_Y in GeneProductRef [geneProduct=G_Y, id=, metaid=, name=]
ERROR (SBMLReaderTask.java:887) - GeneProduct does not exist for GeneAssociation: G_n in GeneProductRef [geneProduct=G_n, id=, metaid=, name=]
ERROR (SBMLReaderTask.java:887) - GeneProduct does not exist for GeneAssociation: G_W in GeneProductRef [geneProduct=G_W, id=, metaid=, name=]
ERROR (SBMLReaderTask.java:887) - GeneProduct does not exist for GeneAssociation: G_t in GeneProductRef [geneProduct=G_t, id=, metaid=, name=]
ERROR (SBMLReaderTask.java:887) - GeneProduct does not exist for GeneAssociation: G_Z in GeneProductRef [geneProduct=G_Z, id=, metaid=, name=]
ERROR (SBMLReaderTask.java:887) - GeneProduct does not exist for GeneAssociation: G_t in GeneProductRef [geneProduct=G_t, id=, metaid=, name=]
ERROR (SBMLReaderTask.java:887) - GeneProduct does not exist for GeneAssociation: G_Y in GeneProductRef [geneProduct=G_Y, id=, metaid=, name=]
ERROR (SBMLReaderTask.java:887) - GeneProduct does not exist for GeneAssociation: G_t in GeneProductRef [geneProduct=G_t, id=, metaid=, name=]
ERROR (SBMLReaderTask.java:887) - GeneProduct does not exist for GeneAssociation: G_Z in GeneProductRef [geneProduct=G_Z, id=, metaid=, name=]
ERROR (SBMLReaderTask.java:887) - GeneProduct does not exist for GeneAssociation: G_t in GeneProductRef [geneProduct=G_t, id=, metaid=, name=]
ERROR (SBMLReaderTask.java:887) - GeneProduct does not exist for GeneAssociation: G_Y in GeneProductRef [geneProduct=G_Y, id=, metaid=, name=]
 INFO (SBMLReaderTask.java:258) - ---------------------------------
 INFO (SBMLReaderTask.java:259) - End Reader.run()
 INFO (SBMLReaderTask.java:260) - ---------------------------------
 INFO (BiGGTest.java:96) - BioModelsTest: /models/BiGG/iSDY_1059.xml
 INFO (SBMLReaderTask.java:129) - ---------------------------------
 INFO (SBMLReaderTask.java:130) - Start Reader.run()
 INFO (SBMLReaderTask.java:131) - ---------------------------------
 INFO (CyNetworkFactoryImpl.java:87) - CyNetwork w/ public tables created: ID = 1627458
 INFO (CyNetworkFactoryImpl.java:88) - CyNetwork w/ public tables created: Base Graph ID = 1627474
 INFO (SBMLReaderTask.java:375) - ** core **
 INFO (SBMLReaderTask.java:751) - ** fbc **
ERROR (SBMLReaderTask.java:887) - GeneProduct does not exist for GeneAssociation: G_t in GeneProductRef [geneProduct=G_t, id=, metaid=, name=]
ERROR (SBMLReaderTask.java:887) - GeneProduct does not exist for GeneAssociation: G_Y in GeneProductRef [geneProduct=G_Y, id=, metaid=, name=]
ERROR (SBMLReaderTask.java:887) - GeneProduct does not exist for GeneAssociation: G_t in GeneProductRef [geneProduct=G_t, id=, metaid=, name=]
ERROR (SBMLReaderTask.java:887) - GeneProduct does not exist for GeneAssociation: G_Y in GeneProductRef [geneProduct=G_Y, id=, metaid=, name=]
ERROR (SBMLReaderTask.java:887) - GeneProduct does not exist for GeneAssociation: G_t in GeneProductRef [geneProduct=G_t, id=, metaid=, name=]
ERROR (SBMLReaderTask.java:887) - GeneProduct does not exist for GeneAssociation: G_Y in GeneProductRef [geneProduct=G_Y, id=, metaid=, name=]
ERROR (SBMLReaderTask.java:887) - GeneProduct does not exist for GeneAssociation: G_t in GeneProductRef [geneProduct=G_t, id=, metaid=, name=]
ERROR (SBMLReaderTask.java:887) - GeneProduct does not exist for GeneAssociation: G_Y in GeneProductRef [geneProduct=G_Y, id=, metaid=, name=]
 INFO (SBMLReaderTask.java:258) - ---------------------------------
 INFO (SBMLReaderTask.java:259) - End Reader.run()
 INFO (SBMLReaderTask.java:260) - ---------------------------------
 INFO (BiGGTest.java:96) - BioModelsTest: /models/BiGG/iSF_1195.xml
 INFO (SBMLReaderTask.java:129) - ---------------------------------
 INFO (SBMLReaderTask.java:130) - Start Reader.run()
 INFO (SBMLReaderTask.java:131) - ---------------------------------
 INFO (CyNetworkFactoryImpl.java:87) - CyNetwork w/ public tables created: ID = 1657149
 INFO (CyNetworkFactoryImpl.java:88) - CyNetwork w/ public tables created: Base Graph ID = 1657165
 INFO (SBMLReaderTask.java:375) - ** core **
 INFO (SBMLReaderTask.java:751) - ** fbc **
 INFO (SBMLReaderTask.java:258) - ---------------------------------
 INFO (SBMLReaderTask.java:259) - End Reader.run()
 INFO (SBMLReaderTask.java:260) - ---------------------------------
 INFO (BiGGTest.java:96) - BioModelsTest: /models/BiGG/iSFV_1184.xml
 INFO (SBMLReaderTask.java:129) - ---------------------------------
 INFO (SBMLReaderTask.java:130) - Start Reader.run()
 INFO (SBMLReaderTask.java:131) - ---------------------------------
 INFO (CyNetworkFactoryImpl.java:87) - CyNetwork w/ public tables created: ID = 1688734
 INFO (CyNetworkFactoryImpl.java:88) - CyNetwork w/ public tables created: Base Graph ID = 1688750
 INFO (SBMLReaderTask.java:375) - ** core **
 INFO (SBMLReaderTask.java:751) - ** fbc **
ERROR (SBMLReaderTask.java:887) - GeneProduct does not exist for GeneAssociation: G_t in GeneProductRef [geneProduct=G_t, id=, metaid=, name=]
ERROR (SBMLReaderTask.java:887) - GeneProduct does not exist for GeneAssociation: G_Z in GeneProductRef [geneProduct=G_Z, id=, metaid=, name=]
ERROR (SBMLReaderTask.java:887) - GeneProduct does not exist for GeneAssociation: G_t in GeneProductRef [geneProduct=G_t, id=, metaid=, name=]
ERROR (SBMLReaderTask.java:887) - GeneProduct does not exist for GeneAssociation: G_Z in GeneProductRef [geneProduct=G_Z, id=, metaid=, name=]
ERROR (SBMLReaderTask.java:887) - GeneProduct does not exist for GeneAssociation: G_t in GeneProductRef [geneProduct=G_t, id=, metaid=, name=]
ERROR (SBMLReaderTask.java:887) - GeneProduct does not exist for GeneAssociation: G_Z in GeneProductRef [geneProduct=G_Z, id=, metaid=, name=]
ERROR (SBMLReaderTask.java:887) - GeneProduct does not exist for GeneAssociation: G_t in GeneProductRef [geneProduct=G_t, id=, metaid=, name=]
ERROR (SBMLReaderTask.java:887) - GeneProduct does not exist for GeneAssociation: G_Z in GeneProductRef [geneProduct=G_Z, id=, metaid=, name=]
 INFO (SBMLReaderTask.java:258) - ---------------------------------
 INFO (SBMLReaderTask.java:259) - End Reader.run()
 INFO (SBMLReaderTask.java:260) - ---------------------------------
 INFO (BiGGTest.java:96) - BioModelsTest: /models/BiGG/iSFxv_1172.xml
 INFO (SBMLReaderTask.java:129) - ---------------------------------
 INFO (SBMLReaderTask.java:130) - Start Reader.run()
 INFO (SBMLReaderTask.java:131) - ---------------------------------
 INFO (CyNetworkFactoryImpl.java:87) - CyNetwork w/ public tables created: ID = 1720237
 INFO (CyNetworkFactoryImpl.java:88) - CyNetwork w/ public tables created: Base Graph ID = 1720253
 INFO (SBMLReaderTask.java:375) - ** core **
 INFO (SBMLReaderTask.java:751) - ** fbc **
 INFO (SBMLReaderTask.java:258) - ---------------------------------
 INFO (SBMLReaderTask.java:259) - End Reader.run()
 INFO (SBMLReaderTask.java:260) - ---------------------------------
 INFO (BiGGTest.java:96) - BioModelsTest: /models/BiGG/iSSON_1240.xml
 INFO (SBMLReaderTask.java:129) - ---------------------------------
 INFO (SBMLReaderTask.java:130) - Start Reader.run()
 INFO (SBMLReaderTask.java:131) - ---------------------------------
 INFO (CyNetworkFactoryImpl.java:87) - CyNetwork w/ public tables created: ID = 1751872
 INFO (CyNetworkFactoryImpl.java:88) - CyNetwork w/ public tables created: Base Graph ID = 1751888
 INFO (SBMLReaderTask.java:375) - ** core **
 INFO (SBMLReaderTask.java:751) - ** fbc **
 INFO (SBMLReaderTask.java:258) - ---------------------------------
 INFO (SBMLReaderTask.java:259) - End Reader.run()
 INFO (SBMLReaderTask.java:260) - ---------------------------------
 INFO (BiGGTest.java:96) - BioModelsTest: /models/BiGG/iUMN146_1321.xml
 INFO (SBMLReaderTask.java:129) - ---------------------------------
 INFO (SBMLReaderTask.java:130) - Start Reader.run()
 INFO (SBMLReaderTask.java:131) - ---------------------------------
 INFO (CyNetworkFactoryImpl.java:87) - CyNetwork w/ public tables created: ID = 1784298
 INFO (CyNetworkFactoryImpl.java:88) - CyNetwork w/ public tables created: Base Graph ID = 1784314
 INFO (SBMLReaderTask.java:375) - ** core **
 INFO (SBMLReaderTask.java:751) - ** fbc **
 INFO (SBMLReaderTask.java:258) - ---------------------------------
 INFO (SBMLReaderTask.java:259) - End Reader.run()
 INFO (SBMLReaderTask.java:260) - ---------------------------------
 INFO (BiGGTest.java:96) - BioModelsTest: /models/BiGG/iUMNK88_1353.xml
 INFO (SBMLReaderTask.java:129) - ---------------------------------
 INFO (SBMLReaderTask.java:130) - Start Reader.run()
 INFO (SBMLReaderTask.java:131) - ---------------------------------
 INFO (CyNetworkFactoryImpl.java:87) - CyNetwork w/ public tables created: ID = 1817406
 INFO (CyNetworkFactoryImpl.java:88) - CyNetwork w/ public tables created: Base Graph ID = 1817422
 INFO (SBMLReaderTask.java:375) - ** core **
 INFO (SBMLReaderTask.java:751) - ** fbc **
 INFO (SBMLReaderTask.java:258) - ---------------------------------
 INFO (SBMLReaderTask.java:259) - End Reader.run()
 INFO (SBMLReaderTask.java:260) - ---------------------------------
 INFO (BiGGTest.java:96) - BioModelsTest: /models/BiGG/iUTI89_1310.xml
 INFO (SBMLReaderTask.java:129) - ---------------------------------
 INFO (SBMLReaderTask.java:130) - Start Reader.run()
 INFO (SBMLReaderTask.java:131) - ---------------------------------
 INFO (CyNetworkFactoryImpl.java:87) - CyNetwork w/ public tables created: ID = 1851087
 INFO (CyNetworkFactoryImpl.java:88) - CyNetwork w/ public tables created: Base Graph ID = 1851103
 INFO (SBMLReaderTask.java:375) - ** core **
 INFO (SBMLReaderTask.java:751) - ** fbc **
 INFO (SBMLReaderTask.java:258) - ---------------------------------
 INFO (SBMLReaderTask.java:259) - End Reader.run()
 INFO (SBMLReaderTask.java:260) - ---------------------------------
 INFO (BiGGTest.java:96) - BioModelsTest: /models/BiGG/iWFL_1372.xml
 INFO (SBMLReaderTask.java:129) - ---------------------------------
 INFO (SBMLReaderTask.java:130) - Start Reader.run()
 INFO (SBMLReaderTask.java:131) - ---------------------------------
 INFO (CyNetworkFactoryImpl.java:87) - CyNetwork w/ public tables created: ID = 1884067
 INFO (CyNetworkFactoryImpl.java:88) - CyNetwork w/ public tables created: Base Graph ID = 1884083
 INFO (SBMLReaderTask.java:375) - ** core **
 INFO (SBMLReaderTask.java:751) - ** fbc **
 INFO (SBMLReaderTask.java:258) - ---------------------------------
 INFO (SBMLReaderTask.java:259) - End Reader.run()
 INFO (SBMLReaderTask.java:260) - ---------------------------------
 INFO (BiGGTest.java:96) - BioModelsTest: /models/BiGG/iYL1228.xml
 INFO (SBMLReaderTask.java:129) - ---------------------------------
 INFO (SBMLReaderTask.java:130) - Start Reader.run()
 INFO (SBMLReaderTask.java:131) - ---------------------------------
 INFO (CyNetworkFactoryImpl.java:87) - CyNetwork w/ public tables created: ID = 1917779
 INFO (CyNetworkFactoryImpl.java:88) - CyNetwork w/ public tables created: Base Graph ID = 1917795
 WARN (SBMLCoreParser.java:447) - No Compartment matches the compartmentID 'a' of reaction 'R_ACLS_a'.
 INFO (SBMLReaderTask.java:375) - ** core **
ERROR (SBMLReaderTask.java:483) - Compartment does not exist for reaction: a for R_ACLS_a
 INFO (SBMLReaderTask.java:751) - ** fbc **
 INFO (SBMLReaderTask.java:258) - ---------------------------------
 INFO (SBMLReaderTask.java:259) - End Reader.run()
 INFO (SBMLReaderTask.java:260) - ---------------------------------
 INFO (BiGGTest.java:96) - BioModelsTest: /models/BiGG/iZ_1308.xml
 INFO (SBMLReaderTask.java:129) - ---------------------------------
 INFO (SBMLReaderTask.java:130) - Start Reader.run()
 INFO (SBMLReaderTask.java:131) - ---------------------------------
 INFO (CyNetworkFactoryImpl.java:87) - CyNetwork w/ public tables created: ID = 1945790
 INFO (CyNetworkFactoryImpl.java:88) - CyNetwork w/ public tables created: Base Graph ID = 1945806
 INFO (SBMLReaderTask.java:375) - ** core **
 INFO (SBMLReaderTask.java:751) - ** fbc **
 INFO (SBMLReaderTask.java:258) - ---------------------------------
 INFO (SBMLReaderTask.java:259) - End Reader.run()
 INFO (SBMLReaderTask.java:260) - ---------------------------------
 INFO (BiGGTest.java:96) - BioModelsTest: /models/BiGG/RECON1.xml
 INFO (SBMLReaderTask.java:129) - ---------------------------------
 INFO (SBMLReaderTask.java:130) - Start Reader.run()
 INFO (SBMLReaderTask.java:131) - ---------------------------------
 INFO (CyNetworkFactoryImpl.java:87) - CyNetwork w/ public tables created: ID = 1978732
 INFO (CyNetworkFactoryImpl.java:88) - CyNetwork w/ public tables created: Base Graph ID = 1978748
 WARN (SBMLCoreParser.java:447) - No Compartment matches the compartmentID 'hs' of reaction 'R_CLS_hs'.
 WARN (SBMLCoreParser.java:447) - No Compartment matches the compartmentID 'hs' of reaction 'R_DAGK_hs'.
 WARN (SBMLCoreParser.java:447) - No Compartment matches the compartmentID 'hs' of reaction 'R_DAGKn_hs'.
 WARN (SBMLCoreParser.java:447) - No Compartment matches the compartmentID 'ly' of reaction 'R_DM_Asn_X_Ser_Thr_ly'.
 WARN (SBMLCoreParser.java:447) - No Compartment matches the compartmentID 'ly' of reaction 'R_DM_Ser_Thr_ly'.
 WARN (SBMLCoreParser.java:447) - No Compartment matches the compartmentID 'ly' of reaction 'R_DM_Ser_Gly_Ala_X_Gly_ly'.
 WARN (SBMLCoreParser.java:447) - No Compartment matches the compartmentID 'er' of reaction 'R_DM_gpi_sig_er'.
 WARN (SBMLCoreParser.java:447) - No Compartment matches the compartmentID 'hs' of reaction 'R_GPAM_hs'.
 WARN (SBMLCoreParser.java:447) - No Compartment matches the compartmentID 'hs' of reaction 'R_GPAMm_hs'.
 WARN (SBMLCoreParser.java:447) - No Compartment matches the compartmentID 'ir' of reaction 'R_NBAHH_ir'.
 WARN (SBMLCoreParser.java:447) - No Compartment matches the compartmentID 'hs' of reaction 'R_PCHOLP_hs'.
 WARN (SBMLCoreParser.java:447) - No Compartment matches the compartmentID 'hs' of reaction 'R_PCHOLPg_hs'.
 WARN (SBMLCoreParser.java:447) - No Compartment matches the compartmentID 'hs' of reaction 'R_PCHOLPm_hs'.
 WARN (SBMLCoreParser.java:447) - No Compartment matches the compartmentID 'hs' of reaction 'R_PCHOLPr_hs'.
 WARN (SBMLCoreParser.java:447) - No Compartment matches the compartmentID 'hs' of reaction 'R_PETOHMm_hs'.
 WARN (SBMLCoreParser.java:447) - No Compartment matches the compartmentID 'hs' of reaction 'R_PETOHMr_hs'.
 WARN (SBMLCoreParser.java:447) - No Compartment matches the compartmentID 'hs' of reaction 'R_PGPP_hs'.
 WARN (SBMLCoreParser.java:447) - No Compartment matches the compartmentID 'hs' of reaction 'R_PSDm_hs'.
 WARN (SBMLCoreParser.java:447) - No Compartment matches the compartmentID 'hs' of reaction 'R_PSSA1_hs'.
 WARN (SBMLCoreParser.java:447) - No Compartment matches the compartmentID 'hs' of reaction 'R_PSSA2_hs'.
 INFO (SBMLReaderTask.java:375) - ** core **
ERROR (SBMLReaderTask.java:483) - Compartment does not exist for reaction: hs for R_CLS_hs
ERROR (SBMLReaderTask.java:483) - Compartment does not exist for reaction: hs for R_DAGK_hs
ERROR (SBMLReaderTask.java:483) - Compartment does not exist for reaction: hs for R_DAGKn_hs
ERROR (SBMLReaderTask.java:483) - Compartment does not exist for reaction: ly for R_DM_Asn_X_Ser_Thr_ly
ERROR (SBMLReaderTask.java:483) - Compartment does not exist for reaction: ly for R_DM_Ser_Thr_ly
ERROR (SBMLReaderTask.java:483) - Compartment does not exist for reaction: ly for R_DM_Ser_Gly_Ala_X_Gly_ly
ERROR (SBMLReaderTask.java:483) - Compartment does not exist for reaction: er for R_DM_gpi_sig_er
ERROR (SBMLReaderTask.java:483) - Compartment does not exist for reaction: hs for R_GPAM_hs
ERROR (SBMLReaderTask.java:483) - Compartment does not exist for reaction: hs for R_GPAMm_hs
ERROR (SBMLReaderTask.java:483) - Compartment does not exist for reaction: ir for R_NBAHH_ir
ERROR (SBMLReaderTask.java:483) - Compartment does not exist for reaction: hs for R_PCHOLP_hs
ERROR (SBMLReaderTask.java:483) - Compartment does not exist for reaction: hs for R_PCHOLPg_hs
ERROR (SBMLReaderTask.java:483) - Compartment does not exist for reaction: hs for R_PCHOLPm_hs
ERROR (SBMLReaderTask.java:483) - Compartment does not exist for reaction: hs for R_PCHOLPr_hs
ERROR (SBMLReaderTask.java:483) - Compartment does not exist for reaction: hs for R_PETOHMm_hs
ERROR (SBMLReaderTask.java:483) - Compartment does not exist for reaction: hs for R_PETOHMr_hs
ERROR (SBMLReaderTask.java:483) - Compartment does not exist for reaction: hs for R_PGPP_hs
ERROR (SBMLReaderTask.java:483) - Compartment does not exist for reaction: hs for R_PSDm_hs
ERROR (SBMLReaderTask.java:483) - Compartment does not exist for reaction: hs for R_PSSA1_hs
ERROR (SBMLReaderTask.java:483) - Compartment does not exist for reaction: hs for R_PSSA2_hs
 INFO (SBMLReaderTask.java:751) - ** fbc **
 INFO (SBMLReaderTask.java:258) - ---------------------------------
 INFO (SBMLReaderTask.java:259) - End Reader.run()
 INFO (SBMLReaderTask.java:260) - ---------------------------------
 INFO (BiGGTest.java:96) - BioModelsTest: /models/BiGG/STM_v1_0.xml
 INFO (SBMLReaderTask.java:129) - ---------------------------------
 INFO (SBMLReaderTask.java:130) - Start Reader.run()
 INFO (SBMLReaderTask.java:131) - ---------------------------------
 INFO (CyNetworkFactoryImpl.java:87) - CyNetwork w/ public tables created: ID = 2033203
 INFO (CyNetworkFactoryImpl.java:88) - CyNetwork w/ public tables created: Base Graph ID = 2033219
 WARN (SBMLCoreParser.java:447) - No Compartment matches the compartmentID 'kt' of reaction 'R_CITt_kt'.
 INFO (SBMLReaderTask.java:375) - ** core **
ERROR (SBMLReaderTask.java:483) - Compartment does not exist for reaction: kt for R_CITt_kt
 INFO (SBMLReaderTask.java:751) - ** fbc **
 INFO (SBMLReaderTask.java:258) - ---------------------------------
 INFO (SBMLReaderTask.java:259) - End Reader.run()
 INFO (SBMLReaderTask.java:260) - ---------------------------------
Tests run: 76, Failures: 20, Errors: 0, Skipped: 0, Time elapsed: 92.126 sec <<< FAILURE! - in org.cy3sbml.BiGGTest
testSingleBiGG[1: /models/BiGG/iAB_RBC_283.xml](org.cy3sbml.BiGGTest)  Time elapsed: 0.816 sec  <<< FAILURE!
java.lang.AssertionError: null
	at org.junit.Assert.fail(Assert.java:86)
	at org.junit.Assert.assertTrue(Assert.java:41)
	at org.junit.Assert.assertNotNull(Assert.java:712)
	at org.junit.Assert.assertNotNull(Assert.java:722)
	at org.cy3sbml.BiGGTest.testSingleBiGG(BiGGTest.java:134)

testSingleBiGG[3: /models/BiGG/iAF692.xml](org.cy3sbml.BiGGTest)  Time elapsed: 0.669 sec  <<< FAILURE!
java.lang.AssertionError: null
	at org.junit.Assert.fail(Assert.java:86)
	at org.junit.Assert.assertTrue(Assert.java:41)
	at org.junit.Assert.assertNotNull(Assert.java:712)
	at org.junit.Assert.assertNotNull(Assert.java:722)
	at org.cy3sbml.BiGGTest.testSingleBiGG(BiGGTest.java:134)

testSingleBiGG[4: /models/BiGG/iAF987.xml](org.cy3sbml.BiGGTest)  Time elapsed: 0.813 sec  <<< FAILURE!
java.lang.AssertionError: null
	at org.junit.Assert.fail(Assert.java:86)
	at org.junit.Assert.assertTrue(Assert.java:41)
	at org.junit.Assert.assertNotNull(Assert.java:712)
	at org.junit.Assert.assertNotNull(Assert.java:722)
	at org.cy3sbml.BiGGTest.testSingleBiGG(BiGGTest.java:134)

testSingleBiGG[6: /models/BiGG/iAT_PLT_636.xml](org.cy3sbml.BiGGTest)  Time elapsed: 0.451 sec  <<< FAILURE!
java.lang.AssertionError: null
	at org.junit.Assert.fail(Assert.java:86)
	at org.junit.Assert.assertTrue(Assert.java:41)
	at org.junit.Assert.assertNotNull(Assert.java:712)
	at org.junit.Assert.assertNotNull(Assert.java:722)
	at org.cy3sbml.BiGGTest.testSingleBiGG(BiGGTest.java:134)

testSingleBiGG[9: /models/BiGG/ic_1306.xml](org.cy3sbml.BiGGTest)  Time elapsed: 1.512 sec  <<< FAILURE!
java.lang.AssertionError: null
	at org.junit.Assert.fail(Assert.java:86)
	at org.junit.Assert.assertTrue(Assert.java:41)
	at org.junit.Assert.assertNotNull(Assert.java:712)
	at org.junit.Assert.assertNotNull(Assert.java:722)
	at org.cy3sbml.BiGGTest.testSingleBiGG(BiGGTest.java:134)

testSingleBiGG[17: /models/BiGG/iECDH10B.xml](org.cy3sbml.BiGGTest)  Time elapsed: 0.011 sec  <<< FAILURE!
java.lang.AssertionError: null
	at org.junit.Assert.fail(Assert.java:86)
	at org.junit.Assert.assertTrue(Assert.java:41)
	at org.junit.Assert.assertNotNull(Assert.java:712)
	at org.junit.Assert.assertNotNull(Assert.java:722)
	at org.cy3sbml.BiGGTest.testSingleBiGG(BiGGTest.java:134)

testSingleBiGG[23: /models/BiGG/iEcHS_1320.xml](org.cy3sbml.BiGGTest)  Time elapsed: 0.004 sec  <<< FAILURE!
java.lang.AssertionError: null
	at org.junit.Assert.fail(Assert.java:86)
	at org.junit.Assert.assertTrue(Assert.java:41)
	at org.junit.Assert.assertNotNull(Assert.java:712)
	at org.junit.Assert.assertNotNull(Assert.java:722)
	at org.cy3sbml.BiGGTest.testSingleBiGG(BiGGTest.java:134)

testSingleBiGG[32: /models/BiGG/iECP_1309.xml](org.cy3sbml.BiGGTest)  Time elapsed: 1.02 sec  <<< FAILURE!
java.lang.AssertionError: null
	at org.junit.Assert.fail(Assert.java:86)
	at org.junit.Assert.assertTrue(Assert.java:41)
	at org.junit.Assert.assertNotNull(Assert.java:712)
	at org.junit.Assert.assertNotNull(Assert.java:722)
	at org.cy3sbml.BiGGTest.testSingleBiGG(BiGGTest.java:134)

testSingleBiGG[42: /models/BiGG/iETEC_1333.xml](org.cy3sbml.BiGGTest)  Time elapsed: 1.414 sec  <<< FAILURE!
java.lang.AssertionError: null
	at org.junit.Assert.fail(Assert.java:86)
	at org.junit.Assert.assertTrue(Assert.java:41)
	at org.junit.Assert.assertNotNull(Assert.java:712)
	at org.junit.Assert.assertNotNull(Assert.java:722)
	at org.cy3sbml.BiGGTest.testSingleBiGG(BiGGTest.java:134)

testSingleBiGG[45: /models/BiGG/iIJ478.xml](org.cy3sbml.BiGGTest)  Time elapsed: 0.548 sec  <<< FAILURE!
java.lang.AssertionError: null
	at org.junit.Assert.fail(Assert.java:86)
	at org.junit.Assert.assertTrue(Assert.java:41)
	at org.junit.Assert.assertNotNull(Assert.java:712)
	at org.junit.Assert.assertNotNull(Assert.java:722)
	at org.cy3sbml.BiGGTest.testSingleBiGG(BiGGTest.java:134)

testSingleBiGG[47: /models/BiGG/iJN678.xml](org.cy3sbml.BiGGTest)  Time elapsed: 0.013 sec  <<< FAILURE!
java.lang.AssertionError: null
	at org.junit.Assert.fail(Assert.java:86)
	at org.junit.Assert.assertTrue(Assert.java:41)
	at org.junit.Assert.assertNotNull(Assert.java:712)
	at org.junit.Assert.assertNotNull(Assert.java:722)
	at org.cy3sbml.BiGGTest.testSingleBiGG(BiGGTest.java:134)

testSingleBiGG[48: /models/BiGG/iJN746.xml](org.cy3sbml.BiGGTest)  Time elapsed: 0.564 sec  <<< FAILURE!
java.lang.AssertionError: null
	at org.junit.Assert.fail(Assert.java:86)
	at org.junit.Assert.assertTrue(Assert.java:41)
	at org.junit.Assert.assertNotNull(Assert.java:712)
	at org.junit.Assert.assertNotNull(Assert.java:722)
	at org.cy3sbml.BiGGTest.testSingleBiGG(BiGGTest.java:134)

testSingleBiGG[52: /models/BiGG/iMM1415.xml](org.cy3sbml.BiGGTest)  Time elapsed: 0.004 sec  <<< FAILURE!
java.lang.AssertionError: null
	at org.junit.Assert.fail(Assert.java:86)
	at org.junit.Assert.assertTrue(Assert.java:41)
	at org.junit.Assert.assertNotNull(Assert.java:712)
	at org.junit.Assert.assertNotNull(Assert.java:722)
	at org.cy3sbml.BiGGTest.testSingleBiGG(BiGGTest.java:134)

testSingleBiGG[58: /models/BiGG/iRC1080.xml](org.cy3sbml.BiGGTest)  Time elapsed: 1.199 sec  <<< FAILURE!
java.lang.AssertionError: null
	at org.junit.Assert.fail(Assert.java:86)
	at org.junit.Assert.assertTrue(Assert.java:41)
	at org.junit.Assert.assertNotNull(Assert.java:712)
	at org.junit.Assert.assertNotNull(Assert.java:722)
	at org.cy3sbml.BiGGTest.testSingleBiGG(BiGGTest.java:134)

testSingleBiGG[62: /models/BiGG/iSBO_1134.xml](org.cy3sbml.BiGGTest)  Time elapsed: 1.272 sec  <<< FAILURE!
java.lang.AssertionError: null
	at org.junit.Assert.fail(Assert.java:86)
	at org.junit.Assert.assertTrue(Assert.java:41)
	at org.junit.Assert.assertNotNull(Assert.java:712)
	at org.junit.Assert.assertNotNull(Assert.java:722)
	at org.cy3sbml.BiGGTest.testSingleBiGG(BiGGTest.java:134)

testSingleBiGG[63: /models/BiGG/iSDY_1059.xml](org.cy3sbml.BiGGTest)  Time elapsed: 1.339 sec  <<< FAILURE!
java.lang.AssertionError: null
	at org.junit.Assert.fail(Assert.java:86)
	at org.junit.Assert.assertTrue(Assert.java:41)
	at org.junit.Assert.assertNotNull(Assert.java:712)
	at org.junit.Assert.assertNotNull(Assert.java:722)
	at org.cy3sbml.BiGGTest.testSingleBiGG(BiGGTest.java:134)

testSingleBiGG[65: /models/BiGG/iSFV_1184.xml](org.cy3sbml.BiGGTest)  Time elapsed: 1.045 sec  <<< FAILURE!
java.lang.AssertionError: null
	at org.junit.Assert.fail(Assert.java:86)
	at org.junit.Assert.assertTrue(Assert.java:41)
	at org.junit.Assert.assertNotNull(Assert.java:712)
	at org.junit.Assert.assertNotNull(Assert.java:722)
	at org.cy3sbml.BiGGTest.testSingleBiGG(BiGGTest.java:134)

testSingleBiGG[72: /models/BiGG/iYL1228.xml](org.cy3sbml.BiGGTest)  Time elapsed: 1.077 sec  <<< FAILURE!
java.lang.AssertionError: null
	at org.junit.Assert.fail(Assert.java:86)
	at org.junit.Assert.assertTrue(Assert.java:41)
	at org.junit.Assert.assertNotNull(Assert.java:712)
	at org.junit.Assert.assertNotNull(Assert.java:722)
	at org.cy3sbml.BiGGTest.testSingleBiGG(BiGGTest.java:134)

testSingleBiGG[74: /models/BiGG/RECON1.xml](org.cy3sbml.BiGGTest)  Time elapsed: 3.579 sec  <<< FAILURE!
java.lang.AssertionError: null
	at org.junit.Assert.fail(Assert.java:86)
	at org.junit.Assert.assertTrue(Assert.java:41)
	at org.junit.Assert.assertNotNull(Assert.java:712)
	at org.junit.Assert.assertNotNull(Assert.java:722)
	at org.cy3sbml.BiGGTest.testSingleBiGG(BiGGTest.java:134)

testSingleBiGG[75: /models/BiGG/STM_v1_0.xml](org.cy3sbml.BiGGTest)  Time elapsed: 1.134 sec  <<< FAILURE!
java.lang.AssertionError: null
	at org.junit.Assert.fail(Assert.java:86)
	at org.junit.Assert.assertTrue(Assert.java:41)
	at org.junit.Assert.assertNotNull(Assert.java:712)
	at org.junit.Assert.assertNotNull(Assert.java:722)
	at org.cy3sbml.BiGGTest.testSingleBiGG(BiGGTest.java:134)

Running org.cy3sbml.biomodel.BioModelInterfaceTest
Tests run: 14, Failures: 0, Errors: 0, Skipped: 0, Time elapsed: 5.005 sec - in org.cy3sbml.biomodel.BioModelInterfaceTest
Running org.cy3sbml.biomodel.SearchContentTest
Tests run: 4, Failures: 0, Errors: 0, Skipped: 0, Time elapsed: 0.003 sec - in org.cy3sbml.biomodel.SearchContentTest

Results :

Failed tests: 
  BiGGTest.testSingleBiGG:134 null
  BiGGTest.testSingleBiGG:134 null
  BiGGTest.testSingleBiGG:134 null
  BiGGTest.testSingleBiGG:134 null
  BiGGTest.testSingleBiGG:134 null
  BiGGTest.testSingleBiGG:134 null
  BiGGTest.testSingleBiGG:134 null
  BiGGTest.testSingleBiGG:134 null
  BiGGTest.testSingleBiGG:134 null
  BiGGTest.testSingleBiGG:134 null
  BiGGTest.testSingleBiGG:134 null
  BiGGTest.testSingleBiGG:134 null
  BiGGTest.testSingleBiGG:134 null
  BiGGTest.testSingleBiGG:134 null
  BiGGTest.testSingleBiGG:134 null
  BiGGTest.testSingleBiGG:134 null
  BiGGTest.testSingleBiGG:134 null
  BiGGTest.testSingleBiGG:134 null
  BiGGTest.testSingleBiGG:134 null
  BiGGTest.testSingleBiGG:134 null

Tests run: 682, Failures: 20, Errors: 0, Skipped: 575

[INFO] ------------------------------------------------------------------------
[INFO] BUILD FAILURE
[INFO] ------------------------------------------------------------------------
[INFO] Total time: 1:42.786s
[INFO] Finished at: Sat Jul 04 18:53:01 CEST 2015
[INFO] Final Memory: 14M/211M
[INFO] ------------------------------------------------------------------------
[ERROR] Failed to execute goal org.apache.maven.plugins:maven-surefire-plugin:2.18.1:test (default-test) on project cy3sbml: There are test failures.
[ERROR] 
[ERROR] Please refer to /home/mkoenig/workspace/java/Cy3Apps/cy3sbml/target/surefire-reports for the individual test results.
[ERROR] -> [Help 1]
[ERROR] 
[ERROR] To see the full stack trace of the errors, re-run Maven with the -e switch.
[ERROR] Re-run Maven using the -X switch to enable full debug logging.
[ERROR] 
[ERROR] For more information about the errors and possible solutions, please read the following articles:
[ERROR] [Help 1] http://cwiki.apache.org/confluence/display/MAVEN/MojoFailureException
